\BOOKMARK [1][-]{section.1}{Instruction}{}% 1
\BOOKMARK [2][-]{subsection.1.1}{Prerequisite}{section.1}% 2
\BOOKMARK [2][-]{subsection.1.2}{Compilation}{section.1}% 3
\BOOKMARK [2][-]{subsection.1.3}{Execution}{section.1}% 4
\BOOKMARK [1][-]{section.2}{Foundation}{}% 5
\BOOKMARK [2][-]{subsection.2.1}{Serial\040version}{section.2}% 6
\BOOKMARK [1][-]{section.3}{Design}{}% 7
\BOOKMARK [2][-]{subsection.3.1}{Assumption}{section.3}% 8
\BOOKMARK [2][-]{subsection.3.2}{Routine}{section.3}% 9
\BOOKMARK [1][-]{section.4}{Analysis\040&\040Result}{}% 10
\BOOKMARK [2][-]{subsection.4.1}{Analysis\040on\040Time\040Complexity}{section.4}% 11
\BOOKMARK [2][-]{subsection.4.2}{Result}{section.4}% 12
\BOOKMARK [2][-]{subsection.4.3}{Analysis\040on\040Result}{section.4}% 13
\BOOKMARK [3][-]{subsubsection.4.3.1}{Result\040on\040Clusters}{subsection.4.3}% 14
\BOOKMARK [2][-]{subsection.4.4}{Speedup\040\040Efficiency}{section.4}% 15
\BOOKMARK [2][-]{subsection.4.5}{Scalability}{section.4}% 16
\BOOKMARK [1][-]{section.5}{Experience}{}% 17
\BOOKMARK [1][-]{appendix.A}{Source\040Code}{}% 18
\BOOKMARK [2][-]{subsection.A.1}{Serial\040Odd-even\040Sort}{appendix.A}% 19
\BOOKMARK [2][-]{subsection.A.2}{Parallel\040Odd-even\040Sort}{appendix.A}% 20
\BOOKMARK [1][-]{appendix.B}{Acknowledgement}{}% 21
