This is XeTeX, Version 3.1415926-2.4-0.9998 (TeX Live 2012) (format=xelatex 2013.5.24)  8 SEP 2013 17:42
entering extended mode
 \write18 enabled.
 %&-line parsing enabled.
**report.tex
(./report.tex
LaTeX2e <2011/06/27>
Babel <v3.8m> and hyphenation patterns for english, dumylang, nohyphenation, ge
rman-x-2012-05-30, ngerman-x-2012-05-30, afrikaans, ancientgreek, ibycus, arabi
c, armenian, basque, bulgarian, catalan, pinyin, coptic, croatian, czech, danis
h, dutch, ukenglish, usenglishmax, esperanto, estonian, ethiopic, farsi, finnis
h, french, friulan, galician, german, ngerman, swissgerman, monogreek, greek, h
ungarian, icelandic, assamese, bengali, gujarati, hindi, kannada, malayalam, ma
rathi, oriya, panjabi, tamil, telugu, indonesian, interlingua, irish, italian, 
kurmanji, latin, latvian, lithuanian, mongolian, mongolianlmc, bokmal, nynorsk,
 polish, portuguese, romanian, romansh, russian, sanskrit, serbian, serbianc, s
lovak, slovenian, spanish, swedish, turkish, turkmen, ukrainian, uppersorbian, 
welsh, loaded.
(/home/huangxin/software/texlive/texmf-dist/tex/latex/base/article.cls
Document Class: article 2007/10/19 v1.4h Standard LaTeX document class
(/home/huangxin/software/texlive/texmf-dist/tex/latex/base/size10.clo
File: size10.clo 2007/10/19 v1.4h Standard LaTeX file (size option)
)
\c@part=\count80
\c@section=\count81
\c@subsection=\count82
\c@subsubsection=\count83
\c@paragraph=\count84
\c@subparagraph=\count85
\c@figure=\count86
\c@table=\count87
\abovecaptionskip=\skip41
\belowcaptionskip=\skip42
\bibindent=\dimen102
)
(/home/huangxin/software/texlive/texmf-dist/tex/latex/adjustbox/adjustbox.sty
Package: adjustbox 2012/05/21 v1.0 Adjusting TeX boxes (trim, clip, ...)

(/home/huangxin/software/texlive/texmf-dist/tex/latex/xkeyval/xkeyval.sty
Package: xkeyval 2008/08/13 v2.6a package option processing (HA)

(/home/huangxin/software/texlive/texmf-dist/tex/generic/xkeyval/xkeyval.tex
\XKV@toks=\toks14
\XKV@tempa@toks=\toks15
\XKV@depth=\count88
File: xkeyval.tex 2008/08/13 v2.6a key=value parser (HA)

(/home/huangxin/software/texlive/texmf-dist/tex/generic/xkeyval/keyval.tex)))
(/home/huangxin/software/texlive/texmf-dist/tex/latex/adjustbox/adjcalc.sty
Package: adjcalc 2012/05/16 v1.1 Provides advanced setlength with multiple back
-ends (calc, etex, pgfmath)
)
(/home/huangxin/software/texlive/texmf-dist/tex/latex/adjustbox/trimclip.sty
Package: trimclip 2012/05/16 v1.0 Trim and clip general TeX material

(/home/huangxin/software/texlive/texmf-dist/tex/latex/graphics/graphicx.sty
Package: graphicx 1999/02/16 v1.0f Enhanced LaTeX Graphics (DPC,SPQR)

(/home/huangxin/software/texlive/texmf-dist/tex/latex/graphics/graphics.sty
Package: graphics 2009/02/05 v1.0o Standard LaTeX Graphics (DPC,SPQR)

(/home/huangxin/software/texlive/texmf-dist/tex/latex/graphics/trig.sty
Package: trig 1999/03/16 v1.09 sin cos tan (DPC)
)
(/home/huangxin/software/texlive/texmf-dist/tex/latex/latexconfig/graphics.cfg
File: graphics.cfg 2010/04/23 v1.9 graphics configuration of TeX Live
)
Package graphics Info: Driver file: xetex.def on input line 91.
(/home/huangxin/software/texlive/texmf-dist/tex/xelatex/xetex-def/xetex.def
File: xetex.def 2009/11/22 v0.94 LaTeX color/graphics driver for XeTeX (RRM/JK)

))
\Gin@req@height=\dimen103
\Gin@req@width=\dimen104
)
(/home/huangxin/software/texlive/texmf-dist/tex/latex/collectbox/collectbox.sty
Package: collectbox 2012/05/17 v0.4b Collect macro arguments as boxes
\collectedbox=\box26
)
\tc@llx=\dimen105
\tc@lly=\dimen106
\tc@urx=\dimen107
\tc@ury=\dimen108
Package trimclip Info: Using driver 'tc-xetex.def'.
 (/home/huangxin/software/texlive/texmf-dist/tex/latex/adjustbox/tc-xetex.def
File: tc-xetex.def 2012/05/13 v1.0 Clipping driver for xetex
))
\adjbox@Width=\dimen109
\adjbox@Height=\dimen110
\adjbox@Depth=\dimen111
\adjbox@Totalheight=\dimen112
 (/home/huangxin/software/texlive/texmf-dist/tex/latex/ifoddpage/ifoddpage.sty
Package: ifoddpage 2011/09/13 v1.0 Conditionals for odd/even page detection
\c@checkoddpage=\count89
) (/home/huangxin/software/texlive/texmf-dist/tex/latex/varwidth/varwidth.sty
Package: varwidth 2009/03/30 ver 0.92;  Variable-width minipages
\@vwid@box=\box27
\sift@deathcycles=\count90
\@vwid@loff=\dimen113
\@vwid@roff=\dimen114
)) (/home/huangxin/software/texlive/texmf-dist/tex/latex/fontspec/fontspec.sty
Package: fontspec 2012/05/06 v2.2b Advanced font selection for XeLaTeX/LuaLaTeX


(/home/huangxin/software/texlive/texmf-dist/tex/latex/l3kernel/expl3.sty
(/home/huangxin/software/texlive/texmf-dist/tex/latex/l3kernel/l3names.sty
(/home/huangxin/software/texlive/texmf-dist/tex/latex/l3kernel/l3bootstrap.sty
Package: l3bootstrap 2011/12/29 v3110 L3 Experimental bootstrap code
)
Package: l3names 2012/03/04 v3494 L3 Experimental namespace for primitives
) (/home/huangxin/software/texlive/texmf-dist/tex/latex/etex-pkg/etex.sty
Package: etex 1998/03/26 v2.0 eTeX basic definition package (PEB)
\et@xins=\count91
)
Package: expl3 2012/04/23 v3570 L3 Experimental code bundle wrapper

(/home/huangxin/software/texlive/texmf-dist/tex/latex/graphics/color.sty
Package: color 2005/11/14 v1.0j Standard LaTeX Color (DPC)

(/home/huangxin/software/texlive/texmf-dist/tex/latex/latexconfig/color.cfg
File: color.cfg 2007/01/18 v1.5 color configuration of teTeX/TeXLive
)
Package color Info: Driver file: xetex.def on input line 130.
)
(/home/huangxin/software/texlive/texmf-dist/tex/latex/l3kernel/l3basics.sty
Package: l3basics 2012/03/04 v3491 L3 Experimental basic definitions
)
(/home/huangxin/software/texlive/texmf-dist/tex/latex/l3kernel/l3expan.sty
Package: l3expan 2012/02/26 v3460 L3 Experimental argument expansion
)
(/home/huangxin/software/texlive/texmf-dist/tex/latex/l3kernel/l3tl.sty
Package: l3tl 2012/03/04 v3490 L3 Experimental token lists
)
(/home/huangxin/software/texlive/texmf-dist/tex/latex/l3kernel/l3seq.sty
Package: l3seq 2012/03/04 v3490 L3 Experimental sequences and stacks
)
(/home/huangxin/software/texlive/texmf-dist/tex/latex/l3kernel/l3int.sty
Package: l3int 2012/03/04 v3490 L3 Experimental integers
\c_max_int=\count92
\l_tmpa_int=\count93
\l_tmpb_int=\count94
\l_tmpc_int=\count95
\g_tmpa_int=\count96
\g_tmpb_int=\count97
)
(/home/huangxin/software/texlive/texmf-dist/tex/latex/l3kernel/l3quark.sty
Package: l3quark 2012/02/12 v3384 L3 Experimental quarks
)
(/home/huangxin/software/texlive/texmf-dist/tex/latex/l3kernel/l3prg.sty
Package: l3prg 2012/03/04 v3490 L3 Experimental control structures
\g_prg_map_int=\count98
)
(/home/huangxin/software/texlive/texmf-dist/tex/latex/l3kernel/l3clist.sty
Package: l3clist 2012/03/04 v3490 L3 Experimental comma separated lists
)
(/home/huangxin/software/texlive/texmf-dist/tex/latex/l3kernel/l3token.sty
Package: l3token 2012/03/04 v3491 L3 Experimental token manipulation
)
(/home/huangxin/software/texlive/texmf-dist/tex/latex/l3kernel/l3prop.sty
Package: l3prop 2012/03/04 v3490 L3 Experimental property lists
)
(/home/huangxin/software/texlive/texmf-dist/tex/latex/l3kernel/l3msg.sty
Package: l3msg 2012/04/23 v3568 L3 Experimental messages
)
(/home/huangxin/software/texlive/texmf-dist/tex/latex/l3kernel/l3file.sty
Package: l3file 2012/03/09 v3520 L3 Experimental file and I/O operations
\l_iow_stream_int=\count99
\l_iow_line_length_int=\count100
\l_iow_target_length_int=\count101
\l_iow_current_line_int=\count102
\l_iow_current_word_int=\count103
\l_iow_current_indentation_int=\count104
)
(/home/huangxin/software/texlive/texmf-dist/tex/latex/l3kernel/l3skip.sty
Package: l3skip 2012/03/05 v3499 L3 Experimental dimensions and skips
\l_tmpa_dim=\dimen115
\l_tmpb_dim=\dimen116
\l_tmpc_dim=\dimen117
\g_tmpa_dim=\dimen118
\g_tmpb_dim=\dimen119
\l_tmpa_skip=\skip43
\l_tmpb_skip=\skip44
\l_tmpc_skip=\skip45
\g_tmpa_skip=\skip46
\g_tmpb_skip=\skip47
)
(/home/huangxin/software/texlive/texmf-dist/tex/latex/l3kernel/l3keys.sty
Package: l3keys 2012/03/03 v3487 L3 Experimental key-value interfaces
\g_keyval_level_int=\count105
\l_keys_choice_int=\count106
)
(/home/huangxin/software/texlive/texmf-dist/tex/latex/l3kernel/l3fp.sty
Package: l3fp 2012/03/04 v3490 L3 Experimental floating-point operations
\c_one_hundred_million=\count107
\c_five_hundred_million=\count108
\c_one_thousand_million=\count109
\c_fp_pi_by_four_decimal_int=\count110
\c_fp_pi_by_four_extended_int=\count111
\c_fp_pi_decimal_int=\count112
\c_fp_pi_extended_int=\count113
\c_fp_two_pi_decimal_int=\count114
\c_fp_two_pi_extended_int=\count115
\l_fp_count_int=\count116
\l_fp_div_offset_int=\count117
\l_fp_exp_integer_int=\count118
\l_fp_exp_decimal_int=\count119
\l_fp_exp_extended_int=\count120
\l_fp_exp_exponent_int=\count121
\l_fp_input_a_sign_int=\count122
\l_fp_input_a_integer_int=\count123
\l_fp_input_a_decimal_int=\count124
\l_fp_input_a_exponent_int=\count125
\l_fp_input_b_sign_int=\count126
\l_fp_input_b_integer_int=\count127
\l_fp_input_b_decimal_int=\count128
\l_fp_input_b_exponent_int=\count129
\l_fp_input_a_extended_int=\count130
\l_fp_input_b_extended_int=\count131
\l_fp_mul_a_i_int=\count132
\l_fp_mul_a_ii_int=\count133
\l_fp_mul_a_iii_int=\count134
\l_fp_mul_a_iv_int=\count135
\l_fp_mul_a_v_int=\count136
\l_fp_mul_a_vi_int=\count137
\l_fp_mul_b_i_int=\count138
\l_fp_mul_b_ii_int=\count139
\l_fp_mul_b_iii_int=\count140
\l_fp_mul_b_iv_int=\count141
\l_fp_mul_b_v_int=\count142
\l_fp_mul_b_vi_int=\count143
\l_fp_mul_output_int=\count144
\l_fp_output_sign_int=\count145
\l_fp_output_integer_int=\count146
\l_fp_output_decimal_int=\count147
\l_fp_output_exponent_int=\count148
\l_fp_output_extended_int=\count149
\l_fp_round_position_int=\count150
\l_fp_round_target_int=\count151
\l_fp_split_sign_int=\count152
\l_fp_internal_int=\count153
\l_fp_trig_octant_int=\count154
\l_fp_trig_sign_int=\count155
\l_fp_trig_decimal_int=\count156
\l_fp_trig_extended_int=\count157
\l_fp_internal_dim=\dimen120
\l_fp_internal_skip=\skip48
)
(/home/huangxin/software/texlive/texmf-dist/tex/latex/l3kernel/l3box.sty
Package: l3box 2012/03/04 v3490 L3 Experimental boxes
\l_tmpb_box=\box28
\l_box_top_dim=\dimen121
\l_box_bottom_dim=\dimen122
\l_box_left_dim=\dimen123
\l_box_right_dim=\dimen124
\l_box_top_new_dim=\dimen125
\l_box_bottom_new_dim=\dimen126
\l_box_left_new_dim=\dimen127
\l_box_right_new_dim=\dimen128
\l_box_internal_box=\box29
)
(/home/huangxin/software/texlive/texmf-dist/tex/latex/l3kernel/l3coffins.sty
Package: l3coffins 2012/03/03 v3482 L3 Experimental coffin code layer
\l_coffin_internal_box=\box30
\l_coffin_internal_dim=\dimen129
\l_coffin_offset_x_dim=\dimen130
\l_coffin_offset_y_dim=\dimen131
\l_coffin_x_dim=\dimen132
\l_coffin_y_dim=\dimen133
\l_coffin_x_prime_dim=\dimen134
\l_coffin_y_prime_dim=\dimen135
\l_coffin_Depth_dim=\dimen136
\l_coffin_Height_dim=\dimen137
\l_coffin_TotalHeight_dim=\dimen138
\l_coffin_Width_dim=\dimen139
\c_empty_coffin=\box31
\l_coffin_aligned_coffin=\box32
\l_coffin_aligned_internal_coffin=\box33
\l_coffin_bounding_shift_dim=\dimen140
\l_coffin_left_corner_dim=\dimen141
\l_coffin_right_corner_dim=\dimen142
\l_coffin_bottom_corner_dim=\dimen143
\l_coffin_top_corner_dim=\dimen144
\l_coffin_scaled_total_height_dim=\dimen145
\l_coffin_scaled_width_dim=\dimen146
\l_coffin_display_coffin=\box34
\l_coffin_display_coord_coffin=\box35
\l_coffin_display_pole_coffin=\box36
\l_coffin_display_offset_dim=\dimen147
\l_coffin_display_x_dim=\dimen148
\l_coffin_display_y_dim=\dimen149
)
(/home/huangxin/software/texlive/texmf-dist/tex/latex/l3kernel/l3color.sty
Package: l3color 2011/09/07 v2776 L3 Experimental colour support
)
(/home/huangxin/software/texlive/texmf-dist/tex/latex/l3kernel/l3luatex.sty
Package: l3luatex 2012/02/09 v3355 L3 Experimental LuaTeX-specific functions
\g_cctab_allocate_int=\count158
\g_cctab_stack_int=\count159
))
(/home/huangxin/software/texlive/texmf-dist/tex/latex/l3packages/xparse/xparse.
sty
Package: xparse 2012/04/23 v3570 L3 Experimental document command parser
\l_xparse_current_arg_int=\count160
\l_xparse_m_args_int=\count161
\l_xparse_mandatory_args_int=\count162
\l_xparse_processor_int=\count163
\l_xparse_v_nesting_int=\count164
)
\l_fontspec_script_int=\count165
\l_fontspec_language_int=\count166
\l_fontspec_strnum_int=\count167
\l_fontspec_tmpa_dim=\dimen150
\l_fontspec_tmpb_dim=\dimen151
\l_fontspec_tmpc_dim=\dimen152
Variant \tl_gset:cV already defined; not changing it on line 66

(/home/huangxin/software/texlive/texmf-dist/tex/latex/fontspec/fontspec-patches
.sty
Package: fontspec-patches 2012/05/06 v2.2b Advanced font selection for XeLaTeX/
LuaLaTeX
 (/home/huangxin/software/texlive/texmf-dist/tex/latex/base/fixltx2e.sty
Package: fixltx2e 2006/09/13 v1.1m fixes to LaTeX
LaTeX Info: Redefining \em on input line 420.
)
LaTeX Info: Redefining \em on input line 22.
LaTeX Info: Redefining \emph on input line 29.
LaTeX Info: Redefining \- on input line 32.

*************************************************
* LaTeX warning: "xparse/redefine-command"
* 
* Redefining document command \oldstylenums with arg. spec. 'm' on line 107.
*************************************************
.................................................
. LaTeX info: "xparse/define-command"
. 
. Defining document command \liningnums with arg. spec. 'm' on line 111.
.................................................
)
(/home/huangxin/software/texlive/texmf-dist/tex/latex/fontspec/fontspec-xetex.s
ty
Package: fontspec-xetex 2012/05/06 v2.2b Advanced font selection for XeLaTeX/Lu
aLaTeX
 (/home/huangxin/software/texlive/texmf-dist/tex/latex/base/fontenc.sty
Package: fontenc 2005/09/27 v1.99g Standard LaTeX package

(/home/huangxin/software/texlive/texmf-dist/tex/latex/euenc/eu1enc.def
File: eu1enc.def 2010/05/27 v0.1h Experimental Unicode font encodings
)
LaTeX Font Info:    Try loading font information for EU1+lmr on input line 100.


(/home/huangxin/software/texlive/texmf-dist/tex/latex/euenc/eu1lmr.fd
File: eu1lmr.fd 2009/10/30 v1.6 Font defs for Latin Modern
))
(/home/huangxin/software/texlive/texmf-dist/tex/xelatex/xunicode/xunicode.sty
File: xunicode.sty 2011/09/09 v0.981 provides access to latin accents and many 
other characters in Unicode lower plane

(/home/huangxin/software/texlive/texmf-dist/tex/latex/tipa/t3enc.def
File: t3enc.def 2001/12/31 T3 encoding
LaTeX Font Info:    Try loading font information for EU1+lmss on input line 357
.

(/home/huangxin/software/texlive/texmf-dist/tex/latex/euenc/eu1lmss.fd
File: eu1lmss.fd 2009/10/30 v1.6 Font defs for Latin Modern
))
\tipaTiiicode=\count168
\tipasavetokens=\toks16
\tipachecktokens=\toks17
)
.................................................
. LaTeX info: "xparse/define-command"
. 
. Defining document command \fontspec with arg. spec. 'O{}m' on line 39.
.................................................
.................................................
. LaTeX info: "xparse/define-command"
. 
. Defining document command \setmainfont with arg. spec. 'O{}m' on line 43.
.................................................
.................................................
. LaTeX info: "xparse/define-command"
. 
. Defining document command \setsansfont with arg. spec. 'O{}m' on line 47.
.................................................
.................................................
. LaTeX info: "xparse/define-command"
. 
. Defining document command \setmonofont with arg. spec. 'O{}m' on line 51.
.................................................
.................................................
. LaTeX info: "xparse/define-command"
. 
. Defining document command \setmathrm with arg. spec. 'O{}m' on line 59.
.................................................
.................................................
. LaTeX info: "xparse/define-command"
. 
. Defining document command \setboldmathrm with arg. spec. 'O{}m' on line 62.
.................................................
.................................................
. LaTeX info: "xparse/define-command"
. 
. Defining document command \setmathsf with arg. spec. 'O{}m' on line 65.
.................................................
.................................................
. LaTeX info: "xparse/define-command"
. 
. Defining document command \setmathtt with arg. spec. 'O{}m' on line 68.
.................................................
.................................................
. LaTeX info: "xparse/define-command"
. 
. Defining document command \newfontfamily with arg. spec. 'mO{}m' on line 84.
.................................................
.................................................
. LaTeX info: "xparse/define-command"
. 
. Defining document command \newfontface with arg. spec. 'mO{}m' on line 87.
.................................................
.................................................
. LaTeX info: "xparse/define-command"
. 
. Defining document command \defaultfontfeatures with arg. spec. 'm' on line
. 91.
.................................................
.................................................
. LaTeX info: "xparse/define-command"
. 
. Defining document command \addfontfeatures with arg. spec. 'm' on line 107.
.................................................
.................................................
. LaTeX info: "xparse/define-command"
. 
. Defining document command \newfontfeature with arg. spec. 'mm' on line 118.
.................................................
.................................................
. LaTeX info: "xparse/define-command"
. 
. Defining document command \newAATfeature with arg. spec. 'mmmm' on line 125.
.................................................
.................................................
. LaTeX info: "xparse/define-command"
. 
. Defining document command \newICUfeature with arg. spec. 'mmm' on line 132.
.................................................
.................................................
. LaTeX info: "xparse/define-command"
. 
. Defining document command \aliasfontfeature with arg. spec. 'mm' on line
. 159.
.................................................
.................................................
. LaTeX info: "xparse/define-command"
. 
. Defining document command \aliasfontfeatureoption with arg. spec. 'mmm' on
. line 164.
.................................................
.................................................
. LaTeX info: "xparse/define-command"
. 
. Defining document command \newfontscript with arg. spec. 'mm' on line 169.
.................................................
.................................................
. LaTeX info: "xparse/define-command"
. 
. Defining document command \newfontlanguage with arg. spec. 'mm' on line 192.
.................................................
.................................................
. LaTeX info: "xparse/define-command"
. 
. Defining document command \DeclareFontsExtensions with arg. spec. 'm' on
. line 211.
.................................................
Variant \prop_gput:cnV already defined; not changing it on line 485
Variant \prop_gput:cnx already defined; not changing it on line 486
\l_fontspec_tmp_int=\count169
LaTeX Info: Redefining \itshape on input line 1893.
LaTeX Info: Redefining \slshape on input line 1897.
LaTeX Info: Redefining \scshape on input line 1901.
LaTeX Info: Redefining \upshape on input line 1905.

(/home/huangxin/software/texlive/texmf-dist/tex/latex/fontspec/fontspec.cfg)))
(/home/huangxin/software/texlive/texmf-dist/tex/xelatex/zhspacing/zhspacing.sty

(/home/huangxin/software/texlive/texmf-dist/tex/xelatex/zhspacing/usefulmacros.
sty)
Package: zhspacing 2008/01/02

(/home/huangxin/software/texlive/texmf-dist/tex/xelatex/zhspacing/myclass.sty
(/home/huangxin/software/texlive/texmf-dist/tex/xelatex/zhspacing/usefulmacros.
sty))
\@@interclasstoks@boundary@boundary=\toks18
\@@interclasstoks@halfwidth@boundary=\toks19
\@@interclasstoks@boundary@halfwidth=\toks20
\@@interclasstoks@halfwidth@halfwidth=\toks21
\@@interclasstoks@fullwidth@boundary=\toks22
\@@interclasstoks@boundary@fullwidth=\toks23
\@@interclasstoks@fullwidth@halfwidth=\toks24
\@@interclasstoks@halfwidth@fullwidth=\toks25
\@@interclasstoks@fullwidth@fullwidth=\toks26
\@@interclasstoks@alphanum@boundary=\toks27
\@@interclasstoks@boundary@alphanum=\toks28
\@@interclasstoks@alphanum@halfwidth=\toks29
\@@interclasstoks@halfwidth@alphanum=\toks30
\@@interclasstoks@alphanum@fullwidth=\toks31
\@@interclasstoks@fullwidth@alphanum=\toks32
\@@interclasstoks@alphanum@alphanum=\toks33
\@@interclasstoks@hanzi@boundary=\toks34
\@@interclasstoks@boundary@hanzi=\toks35
\@@interclasstoks@hanzi@halfwidth=\toks36
\@@interclasstoks@halfwidth@hanzi=\toks37
\@@interclasstoks@hanzi@fullwidth=\toks38
\@@interclasstoks@fullwidth@hanzi=\toks39
\@@interclasstoks@hanzi@alphanum=\toks40
\@@interclasstoks@alphanum@hanzi=\toks41
\@@interclasstoks@hanzi@hanzi=\toks42
\@@interclasstoks@openfw@boundary=\toks43
\@@interclasstoks@boundary@openfw=\toks44
\@@interclasstoks@openfw@halfwidth=\toks45
\@@interclasstoks@halfwidth@openfw=\toks46
\@@interclasstoks@openfw@fullwidth=\toks47
\@@interclasstoks@fullwidth@openfw=\toks48
\@@interclasstoks@openfw@alphanum=\toks49
\@@interclasstoks@alphanum@openfw=\toks50
\@@interclasstoks@openfw@hanzi=\toks51
\@@interclasstoks@hanzi@openfw=\toks52
\@@interclasstoks@openfw@openfw=\toks53
\@@interclasstoks@closefw@boundary=\toks54
\@@interclasstoks@boundary@closefw=\toks55
\@@interclasstoks@closefw@halfwidth=\toks56
\@@interclasstoks@halfwidth@closefw=\toks57
\@@interclasstoks@closefw@fullwidth=\toks58
\@@interclasstoks@fullwidth@closefw=\toks59
\@@interclasstoks@closefw@alphanum=\toks60
\@@interclasstoks@alphanum@closefw=\toks61
\@@interclasstoks@closefw@hanzi=\toks62
\@@interclasstoks@hanzi@closefw=\toks63
\@@interclasstoks@closefw@openfw=\toks64
\@@interclasstoks@openfw@closefw=\toks65
\@@interclasstoks@closefw@closefw=\toks66
\@@interclasstoks@halfstop@boundary=\toks67
\@@interclasstoks@boundary@halfstop=\toks68
\@@interclasstoks@halfstop@halfwidth=\toks69
\@@interclasstoks@halfwidth@halfstop=\toks70
\@@interclasstoks@halfstop@fullwidth=\toks71
\@@interclasstoks@fullwidth@halfstop=\toks72
\@@interclasstoks@halfstop@alphanum=\toks73
\@@interclasstoks@alphanum@halfstop=\toks74
\@@interclasstoks@halfstop@hanzi=\toks75
\@@interclasstoks@hanzi@halfstop=\toks76
\@@interclasstoks@halfstop@openfw=\toks77
\@@interclasstoks@openfw@halfstop=\toks78
\@@interclasstoks@halfstop@closefw=\toks79
\@@interclasstoks@closefw@halfstop=\toks80
\@@interclasstoks@halfstop@halfstop=\toks81
\@@interclasstoks@fullstop@boundary=\toks82
\@@interclasstoks@boundary@fullstop=\toks83
\@@interclasstoks@fullstop@halfwidth=\toks84
\@@interclasstoks@halfwidth@fullstop=\toks85
\@@interclasstoks@fullstop@fullwidth=\toks86
\@@interclasstoks@fullwidth@fullstop=\toks87
\@@interclasstoks@fullstop@alphanum=\toks88
\@@interclasstoks@alphanum@fullstop=\toks89
\@@interclasstoks@fullstop@hanzi=\toks90
\@@interclasstoks@hanzi@fullstop=\toks91
\@@interclasstoks@fullstop@openfw=\toks92
\@@interclasstoks@openfw@fullstop=\toks93
\@@interclasstoks@fullstop@closefw=\toks94
\@@interclasstoks@closefw@fullstop=\toks95
\@@interclasstoks@fullstop@halfstop=\toks96
\@@interclasstoks@halfstop@fullstop=\toks97
\@@interclasstoks@fullstop@fullstop=\toks98
\@@interclasstoks@fwpunct@boundary=\toks99
\@@interclasstoks@boundary@fwpunct=\toks100
\@@interclasstoks@fwpunct@halfwidth=\toks101
\@@interclasstoks@halfwidth@fwpunct=\toks102
\@@interclasstoks@fwpunct@fullwidth=\toks103
\@@interclasstoks@fullwidth@fwpunct=\toks104
\@@interclasstoks@fwpunct@alphanum=\toks105
\@@interclasstoks@alphanum@fwpunct=\toks106
\@@interclasstoks@fwpunct@hanzi=\toks107
\@@interclasstoks@hanzi@fwpunct=\toks108
\@@interclasstoks@fwpunct@openfw=\toks109
\@@interclasstoks@openfw@fwpunct=\toks110
\@@interclasstoks@fwpunct@closefw=\toks111
\@@interclasstoks@closefw@fwpunct=\toks112
\@@interclasstoks@fwpunct@halfstop=\toks113
\@@interclasstoks@halfstop@fwpunct=\toks114
\@@interclasstoks@fwpunct@fullstop=\toks115
\@@interclasstoks@fullstop@fwpunct=\toks116
\@@interclasstoks@fwpunct@fwpunct=\toks117
\@@interclasstoks@cjkexta@boundary=\toks118
\@@interclasstoks@boundary@cjkexta=\toks119
\@@interclasstoks@cjkexta@halfwidth=\toks120
\@@interclasstoks@halfwidth@cjkexta=\toks121
\@@interclasstoks@cjkexta@fullwidth=\toks122
\@@interclasstoks@fullwidth@cjkexta=\toks123
\@@interclasstoks@cjkexta@alphanum=\toks124
\@@interclasstoks@alphanum@cjkexta=\toks125
\@@interclasstoks@cjkexta@hanzi=\toks126
\@@interclasstoks@hanzi@cjkexta=\toks127
\@@interclasstoks@cjkexta@openfw=\toks128
\@@interclasstoks@openfw@cjkexta=\toks129
\@@interclasstoks@cjkexta@closefw=\toks130
\@@interclasstoks@closefw@cjkexta=\toks131
\@@interclasstoks@cjkexta@halfstop=\toks132
\@@interclasstoks@halfstop@cjkexta=\toks133
\@@interclasstoks@cjkexta@fullstop=\toks134
\@@interclasstoks@fullstop@cjkexta=\toks135
\@@interclasstoks@cjkexta@fwpunct=\toks136
\@@interclasstoks@fwpunct@cjkexta=\toks137
\@@interclasstoks@cjkexta@cjkexta=\toks138
\@@interclasstoks@cjkextb@boundary=\toks139
\@@interclasstoks@boundary@cjkextb=\toks140
\@@interclasstoks@cjkextb@halfwidth=\toks141
\@@interclasstoks@halfwidth@cjkextb=\toks142
\@@interclasstoks@cjkextb@fullwidth=\toks143
\@@interclasstoks@fullwidth@cjkextb=\toks144
\@@interclasstoks@cjkextb@alphanum=\toks145
\@@interclasstoks@alphanum@cjkextb=\toks146
\@@interclasstoks@cjkextb@hanzi=\toks147
\@@interclasstoks@hanzi@cjkextb=\toks148
\@@interclasstoks@cjkextb@openfw=\toks149
\@@interclasstoks@openfw@cjkextb=\toks150
\@@interclasstoks@cjkextb@closefw=\toks151
\@@interclasstoks@closefw@cjkextb=\toks152
\@@interclasstoks@cjkextb@halfstop=\toks153
\@@interclasstoks@halfstop@cjkextb=\toks154
\@@interclasstoks@cjkextb@fullstop=\toks155
\@@interclasstoks@fullstop@cjkextb=\toks156
\@@interclasstoks@cjkextb@fwpunct=\toks157
\@@interclasstoks@fwpunct@cjkextb=\toks158
\@@interclasstoks@cjkextb@cjkexta=\toks159
\@@interclasstoks@cjkexta@cjkextb=\toks160
\@@interclasstoks@cjkextb@cjkextb=\toks161
\n=\count170
\@@interclasstoks@longpunct@boundary=\toks162
\@@interclasstoks@boundary@longpunct=\toks163
\@@interclasstoks@longpunct@halfwidth=\toks164
\@@interclasstoks@halfwidth@longpunct=\toks165
\@@interclasstoks@longpunct@fullwidth=\toks166
\@@interclasstoks@fullwidth@longpunct=\toks167
\@@interclasstoks@longpunct@alphanum=\toks168
\@@interclasstoks@alphanum@longpunct=\toks169
\@@interclasstoks@longpunct@hanzi=\toks170
\@@interclasstoks@hanzi@longpunct=\toks171
\@@interclasstoks@longpunct@openfw=\toks172
\@@interclasstoks@openfw@longpunct=\toks173
\@@interclasstoks@longpunct@closefw=\toks174
\@@interclasstoks@closefw@longpunct=\toks175
\@@interclasstoks@longpunct@halfstop=\toks176
\@@interclasstoks@halfstop@longpunct=\toks177
\@@interclasstoks@longpunct@fullstop=\toks178
\@@interclasstoks@fullstop@longpunct=\toks179
\@@interclasstoks@longpunct@fwpunct=\toks180
\@@interclasstoks@fwpunct@longpunct=\toks181
\@@interclasstoks@longpunct@cjkexta=\toks182
\@@interclasstoks@cjkexta@longpunct=\toks183
\@@interclasstoks@longpunct@cjkextb=\toks184
\@@interclasstoks@cjkextb@longpunct=\toks185
\@@interclasstoks@longpunct@longpunct=\toks186
\@@interclasstoks@hwpunct@boundary=\toks187
\@@interclasstoks@boundary@hwpunct=\toks188
\@@interclasstoks@hwpunct@halfwidth=\toks189
\@@interclasstoks@halfwidth@hwpunct=\toks190
\@@interclasstoks@hwpunct@fullwidth=\toks191
\@@interclasstoks@fullwidth@hwpunct=\toks192
\@@interclasstoks@hwpunct@alphanum=\toks193
\@@interclasstoks@alphanum@hwpunct=\toks194
\@@interclasstoks@hwpunct@hanzi=\toks195
\@@interclasstoks@hanzi@hwpunct=\toks196
\@@interclasstoks@hwpunct@openfw=\toks197
\@@interclasstoks@openfw@hwpunct=\toks198
\@@interclasstoks@hwpunct@closefw=\toks199
\@@interclasstoks@closefw@hwpunct=\toks200
\@@interclasstoks@hwpunct@halfstop=\toks201
\@@interclasstoks@halfstop@hwpunct=\toks202
\@@interclasstoks@hwpunct@fullstop=\toks203
\@@interclasstoks@fullstop@hwpunct=\toks204
\@@interclasstoks@hwpunct@fwpunct=\toks205
\@@interclasstoks@fwpunct@hwpunct=\toks206
\@@interclasstoks@hwpunct@cjkexta=\toks207
\@@interclasstoks@cjkexta@hwpunct=\toks208
\@@interclasstoks@hwpunct@cjkextb=\toks209
\@@interclasstoks@cjkextb@hwpunct=\toks210
\@@interclasstoks@hwpunct@longpunct=\toks211
\@@interclasstoks@longpunct@hwpunct=\toks212
\@@interclasstoks@hwpunct@hwpunct=\toks213
\g_fontspec_family_SimSun_int=\count171
.................................................
. fontspec info: "no-font-shape"
. 
. Could not resolve font SimSun/I (it probably doesn't exist).
.................................................
.................................................
. fontspec info: "no-font-shape"
. 
. Could not resolve font SimHei/I (it probably doesn't exist).
.................................................
.................................................
. fontspec info: "defining-font"
. 
. Font family 'SimSun(0)' created for font 'SimSun' with options
. [BoldFont=SimHei].
. 
. This font family consists of the following shapes:
. 
. * 'normal' with NFSS spec.:
. <->"SimSun/ICU:script=latn;language=DFLT;"
. 
. * 'bold' with NFSS spec.:
. <->"SimHei/ICU:script=latn;language=DFLT;"
.................................................
.................................................
. fontspec info: "no-font-shape"
. 
. Could not resolve font SimSun/B (it probably doesn't exist).
.................................................
.................................................
. fontspec info: "no-font-shape"
. 
. Could not resolve font SimSun/I (it probably doesn't exist).
.................................................
.................................................
. fontspec info: "no-font-shape"
. 
. Could not resolve font SimSun/BI (it probably doesn't exist).
.................................................
.................................................
. fontspec info: "defining-font"
. 
. Font family 'SimSun(1)' created for font 'SimSun' with options [].
. 
. This font family consists of the following shapes:
. 
. * 'normal' with NFSS spec.:
. <->"SimSun/ICU:script=latn;language=DFLT;"
.................................................
\zhs@tmpcnt=\count172
) (/home/huangxin/software/texlive/texmf-dist/tex/latex/url/url.sty
\Urlmuskip=\muskip10
Package: url 2006/04/12  ver 3.3  Verb mode for urls, etc.
)
(/home/huangxin/software/texlive/texmf-dist/tex/latex/amsmath/amsmath.sty
Package: amsmath 2000/07/18 v2.13 AMS math features
\@mathmargin=\skip49

For additional information on amsmath, use the `?' option.
(/home/huangxin/software/texlive/texmf-dist/tex/latex/amsmath/amstext.sty
Package: amstext 2000/06/29 v2.01

(/home/huangxin/software/texlive/texmf-dist/tex/latex/amsmath/amsgen.sty
File: amsgen.sty 1999/11/30 v2.0
\@emptytoks=\toks214
\ex@=\dimen153
))
(/home/huangxin/software/texlive/texmf-dist/tex/latex/amsmath/amsbsy.sty
Package: amsbsy 1999/11/29 v1.2d
\pmbraise@=\dimen154
)
(/home/huangxin/software/texlive/texmf-dist/tex/latex/amsmath/amsopn.sty
Package: amsopn 1999/12/14 v2.01 operator names
)
\inf@bad=\count173
LaTeX Info: Redefining \frac on input line 211.
\uproot@=\count174
\leftroot@=\count175
LaTeX Info: Redefining \overline on input line 307.
\classnum@=\count176
\DOTSCASE@=\count177
LaTeX Info: Redefining \ldots on input line 379.
LaTeX Info: Redefining \dots on input line 382.
LaTeX Info: Redefining \cdots on input line 467.
\Mathstrutbox@=\box37
\strutbox@=\box38
\big@size=\dimen155
LaTeX Font Info:    Redeclaring font encoding OML on input line 567.
LaTeX Font Info:    Redeclaring font encoding OMS on input line 568.
\macc@depth=\count178
\c@MaxMatrixCols=\count179
\dotsspace@=\muskip11
\c@parentequation=\count180
\dspbrk@lvl=\count181
\tag@help=\toks215
\row@=\count182
\column@=\count183
\maxfields@=\count184
\andhelp@=\toks216
\eqnshift@=\dimen156
\alignsep@=\dimen157
\tagshift@=\dimen158
\tagwidth@=\dimen159
\totwidth@=\dimen160
\lineht@=\dimen161
\@envbody=\toks217
\multlinegap=\skip50
\multlinetaggap=\skip51
\mathdisplay@stack=\toks218
LaTeX Info: Redefining \[ on input line 2666.
LaTeX Info: Redefining \] on input line 2667.
)
(/home/huangxin/software/texlive/texmf-dist/tex/latex/amsfonts/amssymb.sty
Package: amssymb 2009/06/22 v3.00

(/home/huangxin/software/texlive/texmf-dist/tex/latex/amsfonts/amsfonts.sty
Package: amsfonts 2009/06/22 v3.00 Basic AMSFonts support
\symAMSa=\mathgroup4
\symAMSb=\mathgroup5
LaTeX Font Info:    Overwriting math alphabet `\mathfrak' in version `bold'
(Font)                  U/euf/m/n --> U/euf/b/n on input line 96.
))
(/home/huangxin/software/texlive/texmf-dist/tex/latex/amscls/amsthm.sty
Package: amsthm 2009/07/02 v2.20.1
\thm@style=\toks219
\thm@bodyfont=\toks220
\thm@headfont=\toks221
\thm@notefont=\toks222
\thm@headpunct=\toks223
\thm@preskip=\skip52
\thm@postskip=\skip53
\thm@headsep=\skip54
\dth@everypar=\toks224
)
(/home/huangxin/software/texlive/texmf-dist/tex/latex/tools/verbatim.sty
Package: verbatim 2003/08/22 v1.5q LaTeX2e package for verbatim enhancements
\every@verbatim=\toks225
\verbatim@line=\toks226
\verbatim@in@stream=\read1
)
zhspacing installed.
(/home/huangxin/software/texlive/texmf-dist/tex/latex/listings/listings.sty
\lst@mode=\count185
\lst@gtempboxa=\box39
\lst@token=\toks227
\lst@length=\count186
\lst@currlwidth=\dimen162
\lst@column=\count187
\lst@pos=\count188
\lst@lostspace=\dimen163
\lst@width=\dimen164
\lst@newlines=\count189
\lst@lineno=\count190
\lst@maxwidth=\dimen165

(/home/huangxin/software/texlive/texmf-dist/tex/latex/listings/lstmisc.sty
File: lstmisc.sty 2007/02/22 1.4 (Carsten Heinz)
\c@lstnumber=\count191
\lst@skipnumbers=\count192
\lst@framebox=\box40
)
(/home/huangxin/software/texlive/texmf-dist/tex/latex/listings/listings.cfg
File: listings.cfg 2007/02/22 1.4 listings configuration
))
Package: listings 2007/02/22 1.4 (Carsten Heinz)

(/home/huangxin/software/texlive/texmf-dist/tex/latex/hyperref/hyperref.sty
Package: hyperref 2012/05/13 v6.82q Hypertext links for LaTeX

(/home/huangxin/software/texlive/texmf-dist/tex/generic/oberdiek/hobsub-hyperre
f.sty
Package: hobsub-hyperref 2012/05/28 v1.13 Bundle oberdiek, subset hyperref (HO)


(/home/huangxin/software/texlive/texmf-dist/tex/generic/oberdiek/hobsub-generic
.sty
Package: hobsub-generic 2012/05/28 v1.13 Bundle oberdiek, subset generic (HO)
Package: hobsub 2012/05/28 v1.13 Construct package bundles (HO)
Package: infwarerr 2010/04/08 v1.3 Providing info/warning/error messages (HO)
Package: ltxcmds 2011/11/09 v1.22 LaTeX kernel commands for general use (HO)
Package: ifluatex 2010/03/01 v1.3 Provides the ifluatex switch (HO)
Package ifluatex Info: LuaTeX not detected.
Package: ifvtex 2010/03/01 v1.5 Detect VTeX and its facilities (HO)
Package ifvtex Info: VTeX not detected.
Package: intcalc 2007/09/27 v1.1 Expandable calculations with integers (HO)
Package: ifpdf 2011/01/30 v2.3 Provides the ifpdf switch (HO)
Package ifpdf Info: pdfTeX in PDF mode is not detected.
Package: etexcmds 2011/02/16 v1.5 Avoid name clashes with e-TeX commands (HO)
Package etexcmds Info: Could not find \expanded.
(etexcmds)             That can mean that you are not using pdfTeX 1.50 or
(etexcmds)             that some package has redefined \expanded.
(etexcmds)             In the latter case, load this package earlier.
Package: kvsetkeys 2012/04/25 v1.16 Key value parser (HO)
Package: kvdefinekeys 2011/04/07 v1.3 Define keys (HO)
Package: pdftexcmds 2011/11/29 v0.20 Utility functions of pdfTeX for LuaTeX (HO
)
Package pdftexcmds Info: LuaTeX not detected.
Package pdftexcmds Info: pdfTeX >= 1.30 not detected.
Package pdftexcmds Info: \pdf@primitive is available.
Package pdftexcmds Info: \pdf@ifprimitive is available.
Package pdftexcmds Info: \pdfdraftmode not found.
Package: pdfescape 2011/11/25 v1.13 Implements pdfTeX's escape features (HO)
Package: bigintcalc 2012/04/08 v1.3 Expandable calculations on big integers (HO
)
Package: bitset 2011/01/30 v1.1 Handle bit-vector datatype (HO)
Package: uniquecounter 2011/01/30 v1.2 Provide unlimited unique counter (HO)
)
Package hobsub Info: Skipping package `hobsub' (already loaded).
Package: letltxmacro 2010/09/02 v1.4 Let assignment for LaTeX macros (HO)
Package: hopatch 2012/05/28 v1.2 Wrapper for package hooks (HO)
Package: xcolor-patch 2011/01/30 xcolor patch
Package: atveryend 2011/06/30 v1.8 Hooks at the very end of document (HO)
Package atveryend Info: \enddocument detected (standard20110627).
Package: atbegshi 2011/10/05 v1.16 At begin shipout hook (HO)
Package: refcount 2011/10/16 v3.4 Data extraction from label references (HO)
Package: hycolor 2011/01/30 v1.7 Color options for hyperref/bookmark (HO)
)
(/home/huangxin/software/texlive/texmf-dist/tex/generic/ifxetex/ifxetex.sty
Package: ifxetex 2010/09/12 v0.6 Provides ifxetex conditional
)
(/home/huangxin/software/texlive/texmf-dist/tex/latex/oberdiek/kvoptions.sty
Package: kvoptions 2011/06/30 v3.11 Key value format for package options (HO)
)
\@linkdim=\dimen166
\Hy@linkcounter=\count193
\Hy@pagecounter=\count194

(/home/huangxin/software/texlive/texmf-dist/tex/latex/hyperref/pd1enc.def
File: pd1enc.def 2012/05/13 v6.82q Hyperref: PDFDocEncoding definition (HO)
)
\Hy@SavedSpaceFactor=\count195

(/home/huangxin/software/texlive/texmf-dist/tex/xelatex/xetexconfig/hyperref.cf
g
File: hyperref.cfg 2008/07/11 v1.2 hyperref configuration for XeLaTeX
)
Package hyperref Info: Option `hyperfootnotes' set `false' on input line 3941.
Package hyperref Info: Option `colorlinks' set `true' on input line 3941.
Package hyperref Info: Hyper figures OFF on input line 4062.
Package hyperref Info: Link nesting OFF on input line 4067.
Package hyperref Info: Hyper index ON on input line 4070.
Package hyperref Info: Plain pages OFF on input line 4077.
Package hyperref Info: Backreferencing OFF on input line 4082.
Package hyperref Info: Implicit mode ON; LaTeX internals redefined.
Package hyperref Info: Bookmarks ON on input line 4300.
\c@Hy@tempcnt=\count196
LaTeX Info: Redefining \url on input line 4653.
\Fld@menulength=\count197
\Field@Width=\dimen167
\Fld@charsize=\dimen168
Package hyperref Info: Hyper figures OFF on input line 5773.
Package hyperref Info: Link nesting OFF on input line 5778.
Package hyperref Info: Hyper index ON on input line 5781.
Package hyperref Info: backreferencing OFF on input line 5788.
Package hyperref Info: Link coloring ON on input line 5791.
Package hyperref Info: Link coloring with OCG OFF on input line 5798.
Package hyperref Info: PDF/A mode OFF on input line 5803.
LaTeX Info: Redefining \ref on input line 5843.
LaTeX Info: Redefining \pageref on input line 5847.
\Hy@abspage=\count198
\c@Item=\count199
)

Package hyperref Message: Driver (autodetected): hxetex.

(/home/huangxin/software/texlive/texmf-dist/tex/latex/hyperref/hxetex.def
File: hxetex.def 2012/05/13 v6.82q Hyperref driver for XeTeX

(/home/huangxin/software/texlive/texmf-dist/tex/latex/hyperref/puenc.def
File: puenc.def 2012/05/13 v6.82q Hyperref: PDF Unicode definition (HO)
)
(/home/huangxin/software/texlive/texmf-dist/tex/generic/oberdiek/stringenc.sty
Package: stringenc 2011/12/02 v1.10 Convert strings between diff. encodings (HO
)
)
\pdfm@box=\box41
\c@Hy@AnnotLevel=\count200
\HyField@AnnotCount=\count201
Normal \count register pool exhausted, switching to extended pool.
\Fld@listcount=\count277
\c@bookmark@seq@number=\count278

(/home/huangxin/software/texlive/texmf-dist/tex/latex/oberdiek/rerunfilecheck.s
ty
Package: rerunfilecheck 2011/04/15 v1.7 Rerun checks for auxiliary files (HO)
Package rerunfilecheck Info: Feature \pdfmdfivesum is not available
(rerunfilecheck)             (e.g. pdfTeX or LuaTeX with package `pdftexcmds').

(rerunfilecheck)             Therefore file contents cannot be checked efficien
tly
(rerunfilecheck)             and the loading of the package is aborted.
)
\Hy@SectionHShift=\skip55
)
(/home/huangxin/software/texlive/texmf-dist/tex/latex/biblatex/biblatex.sty
Package: biblatex 2011/11/13 v1.7 programmable bibliographies

(/home/huangxin/software/texlive/texmf-dist/tex/latex/etoolbox/etoolbox.sty
Package: etoolbox 2011/01/03 v2.1 e-TeX tools for LaTeX
\etb@tempcnta=\count279
)
(/home/huangxin/software/texlive/texmf-dist/tex/latex/logreq/logreq.sty
Package: logreq 2010/08/04 v1.0 xml request logger
\lrq@indent=\count280

(/home/huangxin/software/texlive/texmf-dist/tex/latex/logreq/logreq.def
File: logreq.def 2010/08/04 v1.0 logreq spec v1.0
))
(/home/huangxin/software/texlive/texmf-dist/tex/latex/base/ifthen.sty
Package: ifthen 2001/05/26 v1.1c Standard LaTeX ifthen package (DPC)
)
\c@listtotal=\count281
\c@listcount=\count282
\c@liststart=\count283
\c@liststop=\count284
\c@citecount=\count285
\c@citetotal=\count286
\c@multicitecount=\count287
\c@multicitetotal=\count288
\c@instcount=\count289
\c@maxnames=\count290
\c@minnames=\count291
\c@maxitems=\count292
\c@minitems=\count293
\c@citecounter=\count294
\c@savedcitecounter=\count295
\c@uniquelist=\count296
\c@uniquename=\count297
\c@refsection=\count298
\c@refsegment=\count299
\c@maxextrayear=\count300
\c@maxextraalpha=\count301
\c@abbrvpenalty=\count302
\c@highnamepenalty=\count303
\c@lownamepenalty=\count304
\c@maxparens=\count305
\c@parenlevel=\count306
\blx@tempcnta=\count307
\blx@tempcntb=\count308
\blx@tempcntc=\count309
\blx@maxsection=\count310
\blx@maxsegment=\count311
\blx@notetype=\count312
\blx@parenlevel@text=\count313
\blx@parenlevel@foot=\count314
\labelnumberwidth=\skip56
\labelalphawidth=\skip57
\shorthandwidth=\skip58
\biblabelsep=\skip59
\bibitemsep=\skip60
\bibnamesep=\skip61
\bibinitsep=\skip62
\bibparsep=\skip63
\bibhang=\skip64
\blx@auxin=\read2
\blx@auxout=\write3
\c@mincomprange=\count315
\c@maxcomprange=\count316
\c@mincompwidth=\count317
\c@labelname=\count318
\c@savedlabelname=\count319
\c@author=\count320
\c@savedauthor=\count321
\c@shortauthor=\count322
\c@savedshortauthor=\count323
\c@editor=\count324
\c@savededitor=\count325
\c@editora=\count326
\c@savededitora=\count327
\c@editorb=\count328
\c@savededitorb=\count329
\c@editorc=\count330
\c@savededitorc=\count331
\c@shorteditor=\count332
\c@savedshorteditor=\count333
\c@bookauthor=\count334
\c@savedbookauthor=\count335
\c@translator=\count336
\c@savedtranslator=\count337
\c@annotator=\count338
\c@savedannotator=\count339
\c@commentator=\count340
\c@savedcommentator=\count341
\c@introduction=\count342
\c@savedintroduction=\count343
\c@foreword=\count344
\c@savedforeword=\count345
\c@afterword=\count346
\c@savedafterword=\count347
\c@holder=\count348
\c@savedholder=\count349
\c@namea=\count350
\c@savednamea=\count351
\c@nameb=\count352
\c@savednameb=\count353
\c@namec=\count354
\c@savednamec=\count355
\c@institution=\count356
\c@savedinstitution=\count357
\c@language=\count358
\c@savedlanguage=\count359
\c@location=\count360
\c@savedlocation=\count361
\c@organization=\count362
\c@savedorganization=\count363
\c@origlocation=\count364
\c@savedoriglocation=\count365
\c@origpublisher=\count366
\c@savedorigpublisher=\count367
\c@pageref=\count368
\c@savedpageref=\count369
\c@publisher=\count370
\c@savedpublisher=\count371
\c@lista=\count372
\c@savedlista=\count373
\c@listb=\count374
\c@savedlistb=\count375
\c@listc=\count376
\c@savedlistc=\count377
\c@listd=\count378
\c@savedlistd=\count379
\c@liste=\count380
\c@savedliste=\count381
\c@listf=\count382
\c@savedlistf=\count383
Package biblatex Info: Trying to load compatibility code...
Package biblatex Info: ... file 'blx-compat.def' found.

(/home/huangxin/software/texlive/texmf-dist/tex/latex/biblatex/blx-compat.def
File: blx-compat.def 2011/11/13 v1.7 biblatex generic compatibility
)
Package biblatex Info: Trying to load generic definitions...
Package biblatex Info: ... file 'biblatex.def' found.

(/home/huangxin/software/texlive/texmf-dist/tex/latex/biblatex/biblatex.def
File: biblatex.def 2011/11/13 v1.7 biblatex generic definitions
\c@biburlnumpenalty=\count384
\c@biburlucpenalty=\count385
\c@biburllcpenalty=\count386
\c@smartand=\count387
)
Package biblatex Info: Trying to load bibliography style 'numeric'...
Package biblatex Info: ... file 'numeric.bbx' found.

(/home/huangxin/software/texlive/texmf-dist/tex/latex/biblatex/bbx/numeric.bbx
File: numeric.bbx 2011/11/13 v1.7 biblatex bibliography style
Package biblatex Info: Trying to load bibliography style 'standard'...
Package biblatex Info: ... file 'standard.bbx' found.

(/home/huangxin/software/texlive/texmf-dist/tex/latex/biblatex/bbx/standard.bbx
File: standard.bbx 2011/11/13 v1.7 biblatex bibliography style
))
Package biblatex Info: Trying to load citation style 'numeric'...
Package biblatex Info: ... file 'numeric.cbx' found.

(/home/huangxin/software/texlive/texmf-dist/tex/latex/biblatex/cbx/numeric.cbx
File: numeric.cbx 2011/11/13 v1.7 biblatex citation style
Package biblatex Info: Redefining '\cite'.
Package biblatex Info: Redefining '\parencite'.
Package biblatex Info: Redefining '\footcite'.
Package biblatex Info: Redefining '\footcitetext'.
Package biblatex Info: Redefining '\smartcite'.
Package biblatex Info: Redefining '\textcite'.
Package biblatex Info: Redefining '\supercite'.
Package biblatex Info: Redefining '\cites'.
Package biblatex Info: Redefining '\parencites'.
Package biblatex Info: Redefining '\smartcites'.
)
Package biblatex Info: Trying to load configuration file...
Package biblatex Info: ... file 'biblatex.cfg' found.
(/home/huangxin/software/texlive/texmf-dist/tex/latex/biblatex/biblatex.cfg
File: biblatex.cfg 
))
(/home/huangxin/software/texlive/texmf-dist/tex/latex/minted/minted.sty
Package: minted 2011/09/17 v1.7 Yet another Pygments shim for LaTeX

(/home/huangxin/software/texlive/texmf-dist/tex/latex/fancyvrb/fancyvrb.sty
Package: fancyvrb 2008/02/07

Style option: `fancyvrb' v2.7a, with DG/SPQR fixes, and firstline=lastline fix 
<2008/02/07> (tvz)
\FV@CodeLineNo=\count388
\FV@InFile=\read3
\FV@TabBox=\box42
\c@FancyVerbLine=\count389
\FV@StepNumber=\count390
\FV@OutFile=\write4
)
(/home/huangxin/software/texlive/texmf-dist/tex/latex/xcolor/xcolor.sty
Package: xcolor 2007/01/21 v2.11 LaTeX color extensions (UK)

(/home/huangxin/software/texlive/texmf-dist/tex/latex/latexconfig/color.cfg
File: color.cfg 2007/01/18 v1.5 color configuration of teTeX/TeXLive
)
Package xcolor Info: Driver file: xetex.def on input line 225.
LaTeX Info: Redefining \color on input line 702.
Package xcolor Info: Model `cmy' substituted by `cmy0' on input line 1337.
Package xcolor Info: Model `RGB' extended on input line 1353.
Package xcolor Info: Model `HTML' substituted by `rgb' on input line 1355.
Package xcolor Info: Model `Hsb' substituted by `hsb' on input line 1356.
Package xcolor Info: Model `tHsb' substituted by `hsb' on input line 1357.
Package xcolor Info: Model `HSB' substituted by `hsb' on input line 1358.
Package xcolor Info: Model `Gray' substituted by `gray' on input line 1359.
Package xcolor Info: Model `wave' substituted by `hsb' on input line 1360.
)
(/home/huangxin/software/texlive/texmf-dist/tex/latex/float/float.sty
Package: float 2001/11/08 v1.3d Float enhancements (AL)
\c@float@type=\count391
\float@exts=\toks228
\float@box=\box43
\@float@everytoks=\toks229
\@floatcapt=\box44
)
(/home/huangxin/software/texlive/texmf-dist/tex/latex/tools/calc.sty
Package: calc 2007/08/22 v4.3 Infix arithmetic (KKT,FJ)
\calc@Acount=\count392
\calc@Bcount=\count393
\calc@Adimen=\dimen169
\calc@Bdimen=\dimen170
\calc@Askip=\skip65
\calc@Bskip=\skip66
LaTeX Info: Redefining \setlength on input line 76.
LaTeX Info: Redefining \addtolength on input line 77.
\calc@Ccount=\count394
\calc@Cskip=\skip67
)
(/home/huangxin/software/texlive/texmf-dist/tex/latex/ifplatform/ifplatform.sty
Package: ifplatform 2010/10/22 v0.4 Testing for the operating system
(/home/huangxin/software/texlive/texmf-dist/tex/generic/oberdiek/catchfile.sty
Package: catchfile 2011/03/01 v1.6 Catch the contents of a file (HO)
)
runsystem(uname -s > "report.w18")...executed.

(./report.w18)
runsystem(rm -- "report.w18")...executed.

)
\minted@bgbox=\box45
\minted@code=\write5
\@float@every@listing=\toks230
\c@listing=\count395
)
runsystem(which pygmentize && touch report.aex)...executed.

runsystem(rm report.aex)...executed.


(/home/huangxin/software/texlive/texmf-dist/tex/latex/subfigure/subfigure.sty
Package: subfigure 2002/03/15 v2.1.5 subfigure package
\subfigtopskip=\skip68
\subfigcapskip=\skip69
\subfigcaptopadj=\dimen171
\subfigbottomskip=\skip70
\subfigcapmargin=\dimen172
\subfiglabelskip=\skip71
\c@subfigure=\count396
\c@lofdepth=\count397
\c@subtable=\count398
\c@lotdepth=\count399

****************************************
* Local config file subfigure.cfg used *
****************************************
(/home/huangxin/software/texlive/texmf-dist/tex/latex/subfigure/subfigure.cfg)
\subfig@top=\skip72
\subfig@bottom=\skip73
) (/home/huangxin/software/texlive/texmf-dist/tex/latex/tools/indentfirst.sty
Package: indentfirst 1995/11/23 v1.03 Indent first paragraph (DPC)
)
(/home/huangxin/software/texlive/texmf-dist/tex/latex/cases/cases.sty
Package: cases 2002/05/02 ver 2.5 
)
(/home/huangxin/software/texlive/texmf-dist/tex/latex/environ/environ.sty
Package: environ 2008/06/18 v0.2 A new way to define environments
)
(/home/huangxin/software/texlive/texmf-dist/tex/latex/tools/array.sty
Package: array 2008/09/09 v2.4c Tabular extension package (FMi)
\col@sep=\dimen173
\extrarowheight=\dimen174
\NC@list=\toks231
\extratabsurround=\skip74
\backup@length=\skip75
)
(/home/huangxin/software/texlive/texmf-dist/tex/latex/geometry/geometry.sty
Package: geometry 2010/09/12 v5.6 Page Geometry
\Gm@cnth=\count400
\Gm@cntv=\count401
\c@Gm@tempcnt=\count402
\Gm@bindingoffset=\dimen175
\Gm@wd@mp=\dimen176
\Gm@odd@mp=\dimen177
\Gm@even@mp=\dimen178
\Gm@layoutwidth=\dimen179
\Gm@layoutheight=\dimen180
\Gm@layouthoffset=\dimen181
\Gm@layoutvoffset=\dimen182
\Gm@dimlist=\toks232
)
(./mint-defs.tex)
Package biblatex Info: Trying to load language 'english'...
Package biblatex Info: ... file 'english.lbx' found.

(/home/huangxin/software/texlive/texmf-dist/tex/latex/biblatex/lbx/english.lbx
File: english.lbx 2011/11/13 v1.7 biblatex localization
)
\@quotelevel=\count403
\@quotereset=\count404
(./report.aux)
\openout1 = `report.aux'.

LaTeX Font Info:    Checking defaults for OML/cmm/m/it on input line 43.
LaTeX Font Info:    ... okay on input line 43.
LaTeX Font Info:    Checking defaults for T1/cmr/m/n on input line 43.
LaTeX Font Info:    ... okay on input line 43.
LaTeX Font Info:    Checking defaults for OT1/cmr/m/n on input line 43.
LaTeX Font Info:    ... okay on input line 43.
LaTeX Font Info:    Checking defaults for OMS/cmsy/m/n on input line 43.
LaTeX Font Info:    ... okay on input line 43.
LaTeX Font Info:    Checking defaults for OMX/cmex/m/n on input line 43.
LaTeX Font Info:    ... okay on input line 43.
LaTeX Font Info:    Checking defaults for U/cmr/m/n on input line 43.
LaTeX Font Info:    ... okay on input line 43.
LaTeX Font Info:    Checking defaults for EU1/lmr/m/n on input line 43.
LaTeX Font Info:    ... okay on input line 43.
LaTeX Font Info:    Checking defaults for T3/cmr/m/n on input line 43.
LaTeX Font Info:    Try loading font information for T3+cmr on input line 43.

(/home/huangxin/software/texlive/texmf-dist/tex/latex/tipa/t3cmr.fd
File: t3cmr.fd 2001/12/31 TIPA font definitions
)
LaTeX Font Info:    ... okay on input line 43.
LaTeX Font Info:    Checking defaults for PD1/pdf/m/n on input line 43.
LaTeX Font Info:    ... okay on input line 43.
LaTeX Font Info:    Checking defaults for PU/pdf/m/n on input line 43.
LaTeX Font Info:    ... okay on input line 43.
.................................................
. fontspec info: "setup-math"
. 
. Adjusting the maths setup (use [no-math] to avoid this).
.................................................
\symlegacymaths=\mathgroup6
LaTeX Font Info:    Overwriting symbol font `legacymaths' in version `bold'
(Font)                  OT1/cmr/m/n --> OT1/cmr/bx/n on input line 43.
LaTeX Font Info:    Redeclaring math accent \acute on input line 43.
LaTeX Font Info:    Redeclaring math accent \grave on input line 43.
LaTeX Font Info:    Redeclaring math accent \ddot on input line 43.
LaTeX Font Info:    Redeclaring math accent \tilde on input line 43.
LaTeX Font Info:    Redeclaring math accent \bar on input line 43.
LaTeX Font Info:    Redeclaring math accent \breve on input line 43.
LaTeX Font Info:    Redeclaring math accent \check on input line 43.
LaTeX Font Info:    Redeclaring math accent \hat on input line 43.
LaTeX Font Info:    Redeclaring math accent \dot on input line 43.
LaTeX Font Info:    Redeclaring math accent \mathring on input line 43.
LaTeX Font Info:    Redeclaring math symbol \Gamma on input line 43.
LaTeX Font Info:    Redeclaring math symbol \Delta on input line 43.
LaTeX Font Info:    Redeclaring math symbol \Theta on input line 43.
LaTeX Font Info:    Redeclaring math symbol \Lambda on input line 43.
LaTeX Font Info:    Redeclaring math symbol \Xi on input line 43.
LaTeX Font Info:    Redeclaring math symbol \Pi on input line 43.
LaTeX Font Info:    Redeclaring math symbol \Sigma on input line 43.
LaTeX Font Info:    Redeclaring math symbol \Upsilon on input line 43.
LaTeX Font Info:    Redeclaring math symbol \Phi on input line 43.
LaTeX Font Info:    Redeclaring math symbol \Psi on input line 43.
LaTeX Font Info:    Redeclaring math symbol \Omega on input line 43.
LaTeX Font Info:    Redeclaring math symbol \mathdollar on input line 43.
LaTeX Font Info:    Redeclaring symbol font `operators' on input line 43.
LaTeX Font Info:    Encoding `OT1' has changed to `EU1' for symbol font
(Font)              `operators' in the math version `normal' on input line 43.
LaTeX Font Info:    Overwriting symbol font `operators' in version `normal'
(Font)                  OT1/cmr/m/n --> EU1/lmr/m/n on input line 43.
LaTeX Font Info:    Encoding `OT1' has changed to `EU1' for symbol font
(Font)              `operators' in the math version `bold' on input line 43.
LaTeX Font Info:    Overwriting symbol font `operators' in version `bold'
(Font)                  OT1/cmr/bx/n --> EU1/lmr/m/n on input line 43.
LaTeX Font Info:    Overwriting symbol font `operators' in version `normal'
(Font)                  EU1/lmr/m/n --> EU1/lmr/m/n on input line 43.
LaTeX Font Info:    Overwriting math alphabet `\mathrm' in version `normal'
(Font)                  EU1/lmr/m/n --> EU1/lmr/m/n on input line 43.
LaTeX Font Info:    Overwriting math alphabet `\mathit' in version `normal'
(Font)                  OT1/cmr/m/it --> EU1/lmr/m/it on input line 43.
LaTeX Font Info:    Overwriting math alphabet `\mathbf' in version `normal'
(Font)                  OT1/cmr/bx/n --> EU1/lmr/bx/n on input line 43.
LaTeX Font Info:    Overwriting math alphabet `\mathsf' in version `normal'
(Font)                  OT1/cmss/m/n --> EU1/lmss/m/n on input line 43.
LaTeX Font Info:    Overwriting math alphabet `\mathtt' in version `normal'
(Font)                  OT1/cmtt/m/n --> EU1/lmtt/m/n on input line 43.
LaTeX Font Info:    Overwriting symbol font `operators' in version `bold'
(Font)                  EU1/lmr/m/n --> EU1/lmr/bx/n on input line 43.
LaTeX Font Info:    Overwriting math alphabet `\mathrm' in version `bold'
(Font)                  EU1/lmr/m/n --> EU1/lmr/bx/n on input line 43.
LaTeX Font Info:    Overwriting math alphabet `\mathit' in version `bold'
(Font)                  OT1/cmr/bx/it --> EU1/lmr/bx/it on input line 43.
LaTeX Font Info:    Overwriting math alphabet `\mathsf' in version `bold'
(Font)                  OT1/cmss/bx/n --> EU1/lmss/bx/n on input line 43.
LaTeX Font Info:    Overwriting math alphabet `\mathtt' in version `bold'
(Font)                  OT1/cmtt/m/n --> EU1/lmtt/bx/n on input line 43.
\c@lstlisting=\count405
\AtBeginShipoutBox=\box46
Package hyperref Info: Link coloring ON on input line 43.

(/home/huangxin/software/texlive/texmf-dist/tex/latex/hyperref/nameref.sty
Package: nameref 2010/04/30 v2.40 Cross-referencing by name of section

(/home/huangxin/software/texlive/texmf-dist/tex/generic/oberdiek/gettitlestring
.sty
Package: gettitlestring 2010/12/03 v1.4 Cleanup title references (HO)
)
\c@section@level=\count406
)
LaTeX Info: Redefining \ref on input line 43.
LaTeX Info: Redefining \pageref on input line 43.
LaTeX Info: Redefining \nameref on input line 43.
 (./report.out) (./report.out)
\@outlinefile=\write6
\openout6 = `report.out'.

Package biblatex Info: XeTeX detected.
(biblatex)             Assuming input encoding 'utf8'.
Package biblatex Info: Automatic encoding selection.
(biblatex)             Assuming data encoding 'utf8'.


Package biblatex Warning: Data encoding is 'utf8'.
(biblatex)                Use backend=biber.

\openout3 = `report-blx.bib'.

Package biblatex Info: Trying to load bibliographic data...
Package biblatex Info: ... file 'report.bbl' not found.
No file report.bbl.
Package biblatex Info: Reference section=0 on input line 43.
Package biblatex Info: Reference segment=0 on input line 43.
runsystem(pygmentize -S default -f latex > report.pyg)...executed.

(./report.pyg)
*geometry* driver: auto-detecting
*geometry* detected driver: xetex
*geometry* verbose mode - [ preamble ] result:
* driver: xetex
* paper: <default>
* layout: <same size as paper>
* layoutoffset:(h,v)=(0.0pt,0.0pt)
* modes: 
* h-part:(L,W,R)=(90.3375pt, 433.62001pt, 90.3375pt)
* v-part:(T,H,B)=(72.26999pt, 650.43001pt, 72.26999pt)
* \paperwidth=614.295pt
* \paperheight=794.96999pt
* \textwidth=433.62001pt
* \textheight=650.43001pt
* \oddsidemargin=18.0675pt
* \evensidemargin=18.0675pt
* \topmargin=-37.0pt
* \headheight=12.0pt
* \headsep=25.0pt
* \topskip=10.0pt
* \footskip=30.0pt
* \marginparwidth=65.0pt
* \marginparsep=11.0pt
* \columnsep=10.0pt
* \skip\footins=9.0pt plus 4.0pt minus 2.0pt
* \hoffset=0.0pt
* \voffset=0.0pt
* \mag=1000
* \@twocolumnfalse
* \@twosidefalse
* \@mparswitchfalse
* \@reversemarginfalse
* (1in=72.27pt=25.4mm, 1cm=28.453pt)

LaTeX Font Info:    Try loading font information for U+msa on input line 44.
(/home/huangxin/software/texlive/texmf-dist/tex/latex/amsfonts/umsa.fd
File: umsa.fd 2009/06/22 v3.00 AMS symbols A
)
LaTeX Font Info:    Try loading font information for U+msb on input line 44.

(/home/huangxin/software/texlive/texmf-dist/tex/latex/amsfonts/umsb.fd
File: umsb.fd 2009/06/22 v3.00 AMS symbols B
)
(./report.toc
! Misplaced alignment tab character &.
<argument> ...bsection.8.2}{\numberline {8.2}Gtk &
                                                   main}\hyper@linkend 
l.41 ...rline {8.2}Gtk & main}{21}{subsection.8.2}
                                                  
? 
)
\tf@toc=\write7
\openout7 = `report.toc'.


(/home/huangxin/software/texlive/texmf-dist/tex/generic/oberdiek/se-ascii-print
.def
File: se-ascii-print.def 2011/12/02 v1.10 stringenc: Printable ASCII characters

) [1

] [2]

LaTeX Warning: Command \nobreakspace invalid in math mode on input line 73.


LaTeX Warning: Reference `command_line_help' on page 3 undefined on input line 
74.


LaTeX Warning: Citation 'color_algo' on page 3 undefined on input line 105.

! Missing $ inserted.
<inserted text> 
                $
l.123 ^^I^^Itask pool, every thread use pthread_
                                                create function to call the ...

? 
! Missing $ inserted.
<inserted text> 
                $
l.126 
      
? 

Overfull \hbox (256.32538pt too wide) in paragraph at lines 117--126
\EU1/lmr/m/n/10 task from the task pool, every thread use pthread$[]\OML/cmm/m/
it/10 reatefunctiontocalltherenderfunction:Thencallthepthread[]ointowaitforothe
rthreadsnotfinishingthetask:$ 
 []

[3

] [4]

LaTeX Warning: Reference `command_line_help' on page 5 undefined on input line 
222.

[5]
! Extra alignment tab has been changed to \cr.
<recently read> \endtemplate 
                             
l.235 ...512 & 1024 & 2048 & 4096 & 8192 & 16384 &
                                                   \\\hline
? 
! Extra alignment tab has been changed to \cr.
<recently read> \endtemplate 
                             
l.236 ... & 199 & 353 & 658 & 1270 & 2493 & 4937 &
                                                    \\\hline
? 
! Extra alignment tab has been changed to \cr.
<recently read> \endtemplate 
                             
l.237 ...0 & 102 & 178 & 333 & 637 & 1250 & 2473 &
                                                    \\\hline
? 
! Extra alignment tab has been changed to \cr.
<recently read> \endtemplate 
                             
l.238 ... 46 & 74 & 122 & 224 & 430 & 837 & 1653 &
                                                    \\\hline
? 
! Extra alignment tab has been changed to \cr.
<recently read> \endtemplate 
                             
l.239 ... 53 & 77 & 112 & 178 & 325 & 638 & 1242 &
                                                    \\\hline
? 
! Extra alignment tab has been changed to \cr.
<recently read> \endtemplate 
                             
l.240 ...& 42 & 71 & 83 & 147 & 279 & 526 & 1003 &
                                                    \\\hline
? 
! Extra alignment tab has been changed to \cr.
<recently read> \endtemplate 
                             
l.241 ... & 49 & 53 & 73 & 124 & 226 & 429 & 835 &
                                                   \\\hline
? 

Overfull \hbox (4.85193pt too wide) in paragraph at lines 234--245
 [][] 
 []

! Misplaced alignment tab character &.
<argument> ...entHref }{\relax }}Data-Processors &
                                                   Time(ms) table for openmp...
l.245 ...a-Processors & Time(ms) table for openmp}
                                                  
? 

LaTeX Warning: Command \nobreakspace invalid in math mode on input line 250.


LaTeX Warning: Command \nobreakspace invalid in math mode on input line 250.


LaTeX Warning: Command \nobreakspace invalid in math mode on input line 250.


LaTeX Warning: Command \nobreakspace invalid in math mode on input line 250.


LaTeX Warning: Command \nobreakspace invalid in math mode on input line 250.


LaTeX Warning: Command \nobreakspace invalid in math mode on input line 250.


LaTeX Warning: Command \nobreakspace invalid in math mode on input line 250.


LaTeX Warning: Command \nobreakspace invalid in math mode on input line 250.


LaTeX Warning: Command \nobreakspace invalid in math mode on input line 250.

[6

]
Overfull \hbox (4.85193pt too wide) in paragraph at lines 277--286
 [][] 
 []

! Misplaced alignment tab character &.
<argument> ...entHref }{\relax }}Data-Processors &
                                                   Time(ms) table for pthrea...
l.286 ...-Processors & Time(ms) table for pthread}
                                                  
? 
[7

]
! Undefined control sequence.
<recently read> \hliie 
                       
l.304 ...6 & 8192 & 16384 & 32768 & 65536 \\\hliie
                                                  
? 
! Misplaced alignment tab character &.
<argument> ...entHref }{\relax }}Data-Processors &
                                                   Time(ms) table for mpi\fi 
l.311 ...Data-Processors & Time(ms) table for mpi}
                                                  
? 

LaTeX Warning: Command \nobreakspace invalid in math mode on input line 317.


LaTeX Warning: Command \nobreakspace invalid in math mode on input line 317.


LaTeX Warning: Command \nobreakspace invalid in math mode on input line 317.


LaTeX Warning: Command \nobreakspace invalid in math mode on input line 317.


LaTeX Warning: Command \nobreakspace invalid in math mode on input line 317.


LaTeX Warning: Command \nobreakspace invalid in math mode on input line 317.


LaTeX Warning: Command \nobreakspace invalid in math mode on input line 317.


LaTeX Warning: Command \nobreakspace invalid in math mode on input line 317.


LaTeX Warning: Command \nobreakspace invalid in math mode on input line 317.


LaTeX Warning: Command \nobreakspace invalid in math mode on input line 317.

[8

]
File: ../man1.png Graphic file (type QTm)
 <use  "../man1.png" >
File: ../man1_rever.png Graphic file (type QTm)
 <use  "../man1_rever.png" >
Overfull \hbox (59.8318pt too wide) in paragraph at lines 354--358
 [] 
 []


Overfull \hbox (59.8318pt too wide) in paragraph at lines 354--358
 [] 
 []

[9

] [10]
File: ../man2.png Graphic file (type QTm)
 <use  "../man2.png" >
File: ../man2_rever.png Graphic file (type QTm)
 <use  "../man2_rever.png" >
Overfull \hbox (59.8318pt too wide) in paragraph at lines 362--366
 [] 
 []


Overfull \hbox (59.8318pt too wide) in paragraph at lines 362--366
 [] 
 []

[11

]
File: ../man_3.png Graphic file (type QTm)
 <use  "../man_3.png" >
File: ../man3_rever.png Graphic file (type QTm)
 <use  "../man3_rever.png" >
Overfull \hbox (59.8318pt too wide) in paragraph at lines 370--374
 [] 
 []


Overfull \hbox (59.8318pt too wide) in paragraph at lines 370--374
 [] 
 []

File: ../mandel.png Graphic file (type QTm)
<use  "../mandel.png" >
File: ../mandel2.png Graphic file (type QTm)
 <use  "../mandel2.png" >
runsystem(pygmentize -l cpp -f latex -F tokenmerge            -P linenos -P "ve
rboptions= ,fontsize=\footnotesize ,label=../../src/openmp.hh,frame=lines,frame
sep=0.8em,tabsize=4" -o report.out.pyg ../../src/openmp.hh)...executed.

 (./report.out.pyg
LaTeX Font Info:    Try loading font information for EU1+lmtt on input line 1.

(/home/huangxin/software/texlive/texmf-dist/tex/latex/euenc/eu1lmtt.fd
File: eu1lmtt.fd 2009/10/30 v1.6 Font defs for Latin Modern
)
[12

]
LaTeX Font Info:    Font shape `EU1/lmtt/bx/n' in size <8> not available
(Font)              Font shape `EU1/lmtt/b/n' tried instead on input line 8.
 [13])
runsystem(rm report.out.pyg)...executed.

runsystem(pygmentize -l cpp -f latex -F tokenmerge            -P linenos -P "ve
rboptions= ,fontsize=\footnotesize ,label=../../src/openmp.cc,frame=lines,frame
sep=0.8em,tabsize=4" -o report.out.pyg ../../src/openmp.cc)...executed.

 (./report.out.pyg)
runsystem(rm report.out.pyg)...executed.

runsystem(pygmentize -l cpp -f latex -F tokenmerge            -P linenos -P "ve
rboptions= ,fontsize=\footnotesize ,label=../../src/pthread.hh,frame=lines,fram
esep=0.8em,tabsize=4" -o report.out.pyg ../../src/pthread.hh)...executed.

 (./report.out.pyg [14])
runsystem(rm report.out.pyg)...executed.

runsystem(pygmentize -l cpp -f latex -F tokenmerge            -P linenos -P "ve
rboptions= ,fontsize=\footnotesize ,label=../../src/pthread.cc,frame=lines,fram
esep=0.8em,tabsize=4" -o report.out.pyg ../../src/pthread.cc)...executed.

 (./report.out.pyg
[15])
runsystem(rm report.out.pyg)...executed.

runsystem(pygmentize -l cpp -f latex -F tokenmerge            -P linenos -P "ve
rboptions= ,fontsize=\footnotesize ,label=../../src/mpi.hh,frame=lines,framesep
=0.8em,tabsize=4" -o report.out.pyg ../../src/mpi.hh)...executed.

 (./report.out.pyg [16])
runsystem(rm report.out.pyg)...executed.

runsystem(pygmentize -l cpp -f latex -F tokenmerge            -P linenos -P "ve
rboptions= ,fontsize=\footnotesize ,label=../../src/mpi.cc,frame=lines,framesep
=0.8em,tabsize=4" -o report.out.pyg ../../src/mpi.cc)...executed.

 (./report.out.pyg [17] [18] [19])
runsystem(rm report.out.pyg)...executed.

runsystem(pygmentize -l cpp -f latex -F tokenmerge            -P linenos -P "ve
rboptions= ,fontsize=\footnotesize ,label=../../src/render.hh,frame=lines,frame
sep=0.8em,tabsize=4" -o report.out.pyg ../../src/render.hh)...executed.


(./report.out.pyg [20])
runsystem(rm report.out.pyg)...executed.


! Misplaced alignment tab character &.
<argument> Gtk &
                 main
l.400 ^^I\subsection{Gtk & main}
                                
? 

Package hyperref Warning: Token not allowed in a PDF string (Unicode):
(hyperref)                removing `alignment tab' on input line 400.

runsystem(pygmentize -l cpp -f latex -F tokenmerge            -P linenos -P "ve
rboptions= ,fontsize=\footnotesize ,label=../../src/gtk.hh,frame=lines,framesep
=0.8em,tabsize=4" -o report.out.pyg ../../src/gtk.hh)...executed.

(./report.out.pyg [21] [22] [23] [24])
runsystem(rm report.out.pyg)...executed.

runsystem(pygmentize -l cpp -f latex -F tokenmerge            -P linenos -P "ve
rboptions= ,fontsize=\footnotesize ,label=../../src/main.cc,frame=lines,framese
p=0.8em,tabsize=4" -o report.out.pyg ../../src/main.cc)...executed.

 (./report.out.pyg [25])
runsystem(rm report.out.pyg)...executed.

runsystem(pygmentize -l cpp -f latex -F tokenmerge            -P linenos -P "ve
rboptions= ,fontsize=\footnotesize ,label=../../src/func.hh,frame=lines,framese
p=0.8em,tabsize=4" -o report.out.pyg ../../src/func.hh)...executed.


(./report.out.pyg [26])
runsystem(rm report.out.pyg)...executed.

runsystem(pygmentize -l cpp -f latex -F tokenmerge            -P linenos -P "ve
rboptions= ,fontsize=\footnotesize ,label=../../src/mandelbrot.hh,frame=lines,f
ramesep=0.8em,tabsize=4" -o report.out.pyg ../../src/mandelbrot.hh)...executed.

 (./report.out.pyg)
runsystem(rm report.out.pyg)...executed.

runsystem(pygmentize -l cpp -f latex -F tokenmerge            -P linenos -P "ve
rboptions= ,fontsize=\footnotesize ,label=../../src/mandelbrot.cc,frame=lines,f
ramesep=0.8em,tabsize=4" -o report.out.pyg ../../src/mandelbrot.cc)...executed.

 (./report.out.pyg [27])
runsystem(rm report.out.pyg)...executed.

runsystem(pygmentize -l cpp -f latex -F tokenmerge            -P linenos -P "ve
rboptions= ,fontsize=\footnotesize ,label=../../src/timer.hh,frame=lines,frames
ep=0.8em,tabsize=4" -o report.out.pyg ../../src/timer.hh)...executed.


(./report.out.pyg)
runsystem(rm report.out.pyg)...executed.

runsystem(pygmentize -l cpp -f latex -F tokenmerge            -P linenos -P "ve
rboptions= ,fontsize=\footnotesize ,label=../../src/rect.hh,frame=lines,framese
p=0.8em,tabsize=4" -o report.out.pyg ../../src/rect.hh)...executed.

 (./report.out.pyg [28])
runsystem(rm report.out.pyg)...executed.

 [29]

LaTeX Warning: Citation 'color_algo' undefined on input line 413.


LaTeX Warning: Empty bibliography on input line 414.


! LaTeX Error: \begin{itemize} on input line 327 ended by \end{document}.

See the LaTeX manual or LaTeX Companion for explanation.
Type  H <return>  for immediate help.
 ...                                              
                                                  
l.416 \end{document}
                    
? 
Package atveryend Info: Empty hook `BeforeClearDocument' on input line 416.
Package atveryend Info: Empty hook `AfterLastShipout' on input line 416.
(./report.aux)
Package atveryend Info: Empty hook `AtVeryEndDocument' on input line 416.
Package atveryend Info: Empty hook `AtEndAfterFileList' on input line 416.


LaTeX Warning: There were undefined references.


Package biblatex Warning: Please (re)run BibTeX on the file(s):
(biblatex)                report
(biblatex)                and rerun LaTeX afterwards.

Package logreq Info: Writing requests to 'report.run.xml'.
\openout1 = `report.run.xml'.

Package atveryend Info: Empty hook `AtVeryVeryEnd' on input line 416.
 )
(\end occurred inside a group at level 1)

### semi simple group (level 1) entered at line 327 (\begingroup)
### bottom level 
Here is how much of TeX's memory you used:
 28146 strings out of 494004
 525973 string characters out of 3148286
 804739 words of memory out of 3000000
 30986 multiletter control sequences out of 15000+200000
 10192 words of font info for 66 fonts, out of 3000000 for 9000
 1144 hyphenation exceptions out of 8191
 39i,12n,45p,930b,743s stack positions out of 5000i,500n,10000p,200000b,50000s

Output written on report.pdf (29 pages).
