\BOOKMARK [1][-]{section.1}{Instruction\040to\040Run\040the\040Program}{}% 1
\BOOKMARK [1][-]{section.2}{Intro\040to\040Mandelbrot\040set}{}% 2
\BOOKMARK [1][-]{section.3}{Design\040&\040Approach}{}% 3
\BOOKMARK [2][-]{subsection.3.1}{Overview}{section.3}% 4
\BOOKMARK [2][-]{subsection.3.2}{\040OpenMP\040}{section.3}% 5
\BOOKMARK [2][-]{subsection.3.3}{\040pthread\040}{section.3}% 6
\BOOKMARK [2][-]{subsection.3.4}{\040MPI\040}{section.3}% 7
\BOOKMARK [2][-]{subsection.3.5}{Coloring\040Algorithm}{section.3}% 8
\BOOKMARK [2][-]{subsection.3.6}{User\040Interface}{section.3}% 9
\BOOKMARK [1][-]{section.4}{Result\040&\040Analysis}{}% 10
\BOOKMARK [2][-]{subsection.4.1}{\040OpenMP\040\040as\040Backend}{section.4}% 11
\BOOKMARK [2][-]{subsection.4.2}{\040pthread\040\040as\040Backend}{section.4}% 12
\BOOKMARK [2][-]{subsection.4.3}{\040MPI\040\040as\040Backend}{section.4}% 13
\BOOKMARK [2][-]{subsection.4.4}{Strong\040Scalability}{section.4}% 14
\BOOKMARK [1][-]{section.5}{Figure}{}% 15
\BOOKMARK [1][-]{section.6}{Experience}{}% 16
\BOOKMARK [1][-]{section.7}{Screenshots}{}% 17
\BOOKMARK [1][-]{section.8}{Source\040Code}{}% 18
\BOOKMARK [2][-]{subsection.8.1}{Worker}{section.8}% 19
\BOOKMARK [2][-]{subsection.8.2}{Gtk\040\040main}{section.8}% 20
\BOOKMARK [2][-]{subsection.8.3}{Function}{section.8}% 21
\BOOKMARK [2][-]{subsection.8.4}{Others}{section.8}% 22
