This is XeTeX, Version 3.1415926-2.4-0.9998 (TeX Live 2012) (format=xelatex 2013.5.24)  30 AUG 2013 09:21
entering extended mode
 restricted \write18 enabled.
 %&-line parsing enabled.
**report.tex
(./report.tex
LaTeX2e <2011/06/27>
Babel <v3.8m> and hyphenation patterns for english, dumylang, nohyphenation, ge
rman-x-2012-05-30, ngerman-x-2012-05-30, afrikaans, ancientgreek, ibycus, arabi
c, armenian, basque, bulgarian, catalan, pinyin, coptic, croatian, czech, danis
h, dutch, ukenglish, usenglishmax, esperanto, estonian, ethiopic, farsi, finnis
h, french, friulan, galician, german, ngerman, swissgerman, monogreek, greek, h
ungarian, icelandic, assamese, bengali, gujarati, hindi, kannada, malayalam, ma
rathi, oriya, panjabi, tamil, telugu, indonesian, interlingua, irish, italian, 
kurmanji, latin, latvian, lithuanian, mongolian, mongolianlmc, bokmal, nynorsk,
 polish, portuguese, romanian, romansh, russian, sanskrit, serbian, serbianc, s
lovak, slovenian, spanish, swedish, turkish, turkmen, ukrainian, uppersorbian, 
welsh, loaded.
(/home/huangxin/software/texlive/texmf-dist/tex/latex/base/article.cls
Document Class: article 2007/10/19 v1.4h Standard LaTeX document class
(/home/huangxin/software/texlive/texmf-dist/tex/latex/base/size10.clo
File: size10.clo 2007/10/19 v1.4h Standard LaTeX file (size option)
)
\c@part=\count80
\c@section=\count81
\c@subsection=\count82
\c@subsubsection=\count83
\c@paragraph=\count84
\c@subparagraph=\count85
\c@figure=\count86
\c@table=\count87
\abovecaptionskip=\skip41
\belowcaptionskip=\skip42
\bibindent=\dimen102
)
(/home/huangxin/software/texlive/texmf-dist/tex/latex/fontspec/fontspec.sty
Package: fontspec 2012/05/06 v2.2b Advanced font selection for XeLaTeX/LuaLaTeX


(/home/huangxin/software/texlive/texmf-dist/tex/latex/l3kernel/expl3.sty
(/home/huangxin/software/texlive/texmf-dist/tex/latex/l3kernel/l3names.sty
(/home/huangxin/software/texlive/texmf-dist/tex/latex/l3kernel/l3bootstrap.sty
Package: l3bootstrap 2011/12/29 v3110 L3 Experimental bootstrap code
)
Package: l3names 2012/03/04 v3494 L3 Experimental namespace for primitives
) (/home/huangxin/software/texlive/texmf-dist/tex/latex/etex-pkg/etex.sty
Package: etex 1998/03/26 v2.0 eTeX basic definition package (PEB)
\et@xins=\count88
)
Package: expl3 2012/04/23 v3570 L3 Experimental code bundle wrapper

(/home/huangxin/software/texlive/texmf-dist/tex/latex/graphics/color.sty
Package: color 2005/11/14 v1.0j Standard LaTeX Color (DPC)

(/home/huangxin/software/texlive/texmf-dist/tex/latex/latexconfig/color.cfg
File: color.cfg 2007/01/18 v1.5 color configuration of teTeX/TeXLive
)
Package color Info: Driver file: xetex.def on input line 130.

(/home/huangxin/software/texlive/texmf-dist/tex/xelatex/xetex-def/xetex.def
File: xetex.def 2009/11/22 v0.94 LaTeX color/graphics driver for XeTeX (RRM/JK)

))
(/home/huangxin/software/texlive/texmf-dist/tex/latex/graphics/graphics.sty
Package: graphics 2009/02/05 v1.0o Standard LaTeX Graphics (DPC,SPQR)

(/home/huangxin/software/texlive/texmf-dist/tex/latex/graphics/trig.sty
Package: trig 1999/03/16 v1.09 sin cos tan (DPC)
)
(/home/huangxin/software/texlive/texmf-dist/tex/latex/latexconfig/graphics.cfg
File: graphics.cfg 2010/04/23 v1.9 graphics configuration of TeX Live
)
Package graphics Info: Driver file: xetex.def on input line 91.
) (/home/huangxin/software/texlive/texmf-dist/tex/latex/l3kernel/l3basics.sty
Package: l3basics 2012/03/04 v3491 L3 Experimental basic definitions
)
(/home/huangxin/software/texlive/texmf-dist/tex/latex/l3kernel/l3expan.sty
Package: l3expan 2012/02/26 v3460 L3 Experimental argument expansion
)
(/home/huangxin/software/texlive/texmf-dist/tex/latex/l3kernel/l3tl.sty
Package: l3tl 2012/03/04 v3490 L3 Experimental token lists
)
(/home/huangxin/software/texlive/texmf-dist/tex/latex/l3kernel/l3seq.sty
Package: l3seq 2012/03/04 v3490 L3 Experimental sequences and stacks
)
(/home/huangxin/software/texlive/texmf-dist/tex/latex/l3kernel/l3int.sty
Package: l3int 2012/03/04 v3490 L3 Experimental integers
\c_max_int=\count89
\l_tmpa_int=\count90
\l_tmpb_int=\count91
\l_tmpc_int=\count92
\g_tmpa_int=\count93
\g_tmpb_int=\count94
)
(/home/huangxin/software/texlive/texmf-dist/tex/latex/l3kernel/l3quark.sty
Package: l3quark 2012/02/12 v3384 L3 Experimental quarks
)
(/home/huangxin/software/texlive/texmf-dist/tex/latex/l3kernel/l3prg.sty
Package: l3prg 2012/03/04 v3490 L3 Experimental control structures
\g_prg_map_int=\count95
)
(/home/huangxin/software/texlive/texmf-dist/tex/latex/l3kernel/l3clist.sty
Package: l3clist 2012/03/04 v3490 L3 Experimental comma separated lists
)
(/home/huangxin/software/texlive/texmf-dist/tex/latex/l3kernel/l3token.sty
Package: l3token 2012/03/04 v3491 L3 Experimental token manipulation
)
(/home/huangxin/software/texlive/texmf-dist/tex/latex/l3kernel/l3prop.sty
Package: l3prop 2012/03/04 v3490 L3 Experimental property lists
)
(/home/huangxin/software/texlive/texmf-dist/tex/latex/l3kernel/l3msg.sty
Package: l3msg 2012/04/23 v3568 L3 Experimental messages
)
(/home/huangxin/software/texlive/texmf-dist/tex/latex/l3kernel/l3file.sty
Package: l3file 2012/03/09 v3520 L3 Experimental file and I/O operations
\l_iow_stream_int=\count96
\l_iow_line_length_int=\count97
\l_iow_target_length_int=\count98
\l_iow_current_line_int=\count99
\l_iow_current_word_int=\count100
\l_iow_current_indentation_int=\count101
)
(/home/huangxin/software/texlive/texmf-dist/tex/latex/l3kernel/l3skip.sty
Package: l3skip 2012/03/05 v3499 L3 Experimental dimensions and skips
\l_tmpa_dim=\dimen103
\l_tmpb_dim=\dimen104
\l_tmpc_dim=\dimen105
\g_tmpa_dim=\dimen106
\g_tmpb_dim=\dimen107
\l_tmpa_skip=\skip43
\l_tmpb_skip=\skip44
\l_tmpc_skip=\skip45
\g_tmpa_skip=\skip46
\g_tmpb_skip=\skip47
)
(/home/huangxin/software/texlive/texmf-dist/tex/latex/l3kernel/l3keys.sty
Package: l3keys 2012/03/03 v3487 L3 Experimental key-value interfaces
\g_keyval_level_int=\count102
\l_keys_choice_int=\count103
)
(/home/huangxin/software/texlive/texmf-dist/tex/latex/l3kernel/l3fp.sty
Package: l3fp 2012/03/04 v3490 L3 Experimental floating-point operations
\c_one_hundred_million=\count104
\c_five_hundred_million=\count105
\c_one_thousand_million=\count106
\c_fp_pi_by_four_decimal_int=\count107
\c_fp_pi_by_four_extended_int=\count108
\c_fp_pi_decimal_int=\count109
\c_fp_pi_extended_int=\count110
\c_fp_two_pi_decimal_int=\count111
\c_fp_two_pi_extended_int=\count112
\l_fp_count_int=\count113
\l_fp_div_offset_int=\count114
\l_fp_exp_integer_int=\count115
\l_fp_exp_decimal_int=\count116
\l_fp_exp_extended_int=\count117
\l_fp_exp_exponent_int=\count118
\l_fp_input_a_sign_int=\count119
\l_fp_input_a_integer_int=\count120
\l_fp_input_a_decimal_int=\count121
\l_fp_input_a_exponent_int=\count122
\l_fp_input_b_sign_int=\count123
\l_fp_input_b_integer_int=\count124
\l_fp_input_b_decimal_int=\count125
\l_fp_input_b_exponent_int=\count126
\l_fp_input_a_extended_int=\count127
\l_fp_input_b_extended_int=\count128
\l_fp_mul_a_i_int=\count129
\l_fp_mul_a_ii_int=\count130
\l_fp_mul_a_iii_int=\count131
\l_fp_mul_a_iv_int=\count132
\l_fp_mul_a_v_int=\count133
\l_fp_mul_a_vi_int=\count134
\l_fp_mul_b_i_int=\count135
\l_fp_mul_b_ii_int=\count136
\l_fp_mul_b_iii_int=\count137
\l_fp_mul_b_iv_int=\count138
\l_fp_mul_b_v_int=\count139
\l_fp_mul_b_vi_int=\count140
\l_fp_mul_output_int=\count141
\l_fp_output_sign_int=\count142
\l_fp_output_integer_int=\count143
\l_fp_output_decimal_int=\count144
\l_fp_output_exponent_int=\count145
\l_fp_output_extended_int=\count146
\l_fp_round_position_int=\count147
\l_fp_round_target_int=\count148
\l_fp_split_sign_int=\count149
\l_fp_internal_int=\count150
\l_fp_trig_octant_int=\count151
\l_fp_trig_sign_int=\count152
\l_fp_trig_decimal_int=\count153
\l_fp_trig_extended_int=\count154
\l_fp_internal_dim=\dimen108
\l_fp_internal_skip=\skip48
)
(/home/huangxin/software/texlive/texmf-dist/tex/latex/l3kernel/l3box.sty
Package: l3box 2012/03/04 v3490 L3 Experimental boxes
\l_tmpb_box=\box26
\l_box_top_dim=\dimen109
\l_box_bottom_dim=\dimen110
\l_box_left_dim=\dimen111
\l_box_right_dim=\dimen112
\l_box_top_new_dim=\dimen113
\l_box_bottom_new_dim=\dimen114
\l_box_left_new_dim=\dimen115
\l_box_right_new_dim=\dimen116
\l_box_internal_box=\box27
)
(/home/huangxin/software/texlive/texmf-dist/tex/latex/l3kernel/l3coffins.sty
Package: l3coffins 2012/03/03 v3482 L3 Experimental coffin code layer
\l_coffin_internal_box=\box28
\l_coffin_internal_dim=\dimen117
\l_coffin_offset_x_dim=\dimen118
\l_coffin_offset_y_dim=\dimen119
\l_coffin_x_dim=\dimen120
\l_coffin_y_dim=\dimen121
\l_coffin_x_prime_dim=\dimen122
\l_coffin_y_prime_dim=\dimen123
\l_coffin_Depth_dim=\dimen124
\l_coffin_Height_dim=\dimen125
\l_coffin_TotalHeight_dim=\dimen126
\l_coffin_Width_dim=\dimen127
\c_empty_coffin=\box29
\l_coffin_aligned_coffin=\box30
\l_coffin_aligned_internal_coffin=\box31
\l_coffin_bounding_shift_dim=\dimen128
\l_coffin_left_corner_dim=\dimen129
\l_coffin_right_corner_dim=\dimen130
\l_coffin_bottom_corner_dim=\dimen131
\l_coffin_top_corner_dim=\dimen132
\l_coffin_scaled_total_height_dim=\dimen133
\l_coffin_scaled_width_dim=\dimen134
\l_coffin_display_coffin=\box32
\l_coffin_display_coord_coffin=\box33
\l_coffin_display_pole_coffin=\box34
\l_coffin_display_offset_dim=\dimen135
\l_coffin_display_x_dim=\dimen136
\l_coffin_display_y_dim=\dimen137
)
(/home/huangxin/software/texlive/texmf-dist/tex/latex/l3kernel/l3color.sty
Package: l3color 2011/09/07 v2776 L3 Experimental colour support
)
(/home/huangxin/software/texlive/texmf-dist/tex/latex/l3kernel/l3luatex.sty
Package: l3luatex 2012/02/09 v3355 L3 Experimental LuaTeX-specific functions
\g_cctab_allocate_int=\count155
\g_cctab_stack_int=\count156
))
(/home/huangxin/software/texlive/texmf-dist/tex/latex/l3packages/xparse/xparse.
sty
Package: xparse 2012/04/23 v3570 L3 Experimental document command parser
\l_xparse_current_arg_int=\count157
\l_xparse_m_args_int=\count158
\l_xparse_mandatory_args_int=\count159
\l_xparse_processor_int=\count160
\l_xparse_v_nesting_int=\count161
)
\l_fontspec_script_int=\count162
\l_fontspec_language_int=\count163
\l_fontspec_strnum_int=\count164
\l_fontspec_tmpa_dim=\dimen138
\l_fontspec_tmpb_dim=\dimen139
\l_fontspec_tmpc_dim=\dimen140
Variant \tl_gset:cV already defined; not changing it on line 66

(/home/huangxin/software/texlive/texmf-dist/tex/latex/fontspec/fontspec-patches
.sty
Package: fontspec-patches 2012/05/06 v2.2b Advanced font selection for XeLaTeX/
LuaLaTeX
 (/home/huangxin/software/texlive/texmf-dist/tex/latex/base/fixltx2e.sty
Package: fixltx2e 2006/09/13 v1.1m fixes to LaTeX
LaTeX Info: Redefining \em on input line 420.
)
LaTeX Info: Redefining \em on input line 22.
LaTeX Info: Redefining \emph on input line 29.
LaTeX Info: Redefining \- on input line 32.

*************************************************
* LaTeX warning: "xparse/redefine-command"
* 
* Redefining document command \oldstylenums with arg. spec. 'm' on line 107.
*************************************************
.................................................
. LaTeX info: "xparse/define-command"
. 
. Defining document command \liningnums with arg. spec. 'm' on line 111.
.................................................
)
(/home/huangxin/software/texlive/texmf-dist/tex/latex/fontspec/fontspec-xetex.s
ty
Package: fontspec-xetex 2012/05/06 v2.2b Advanced font selection for XeLaTeX/Lu
aLaTeX
 (/home/huangxin/software/texlive/texmf-dist/tex/latex/base/fontenc.sty
Package: fontenc 2005/09/27 v1.99g Standard LaTeX package

(/home/huangxin/software/texlive/texmf-dist/tex/latex/euenc/eu1enc.def
File: eu1enc.def 2010/05/27 v0.1h Experimental Unicode font encodings
)
LaTeX Font Info:    Try loading font information for EU1+lmr on input line 100.


(/home/huangxin/software/texlive/texmf-dist/tex/latex/euenc/eu1lmr.fd
File: eu1lmr.fd 2009/10/30 v1.6 Font defs for Latin Modern
))
(/home/huangxin/software/texlive/texmf-dist/tex/xelatex/xunicode/xunicode.sty
File: xunicode.sty 2011/09/09 v0.981 provides access to latin accents and many 
other characters in Unicode lower plane

(/home/huangxin/software/texlive/texmf-dist/tex/latex/tipa/t3enc.def
File: t3enc.def 2001/12/31 T3 encoding
LaTeX Font Info:    Try loading font information for EU1+lmss on input line 357
.

(/home/huangxin/software/texlive/texmf-dist/tex/latex/euenc/eu1lmss.fd
File: eu1lmss.fd 2009/10/30 v1.6 Font defs for Latin Modern
))
\tipaTiiicode=\count165
\tipasavetokens=\toks14
\tipachecktokens=\toks15

(/home/huangxin/software/texlive/texmf-dist/tex/latex/graphics/graphicx.sty
Package: graphicx 1999/02/16 v1.0f Enhanced LaTeX Graphics (DPC,SPQR)

(/home/huangxin/software/texlive/texmf-dist/tex/latex/graphics/keyval.sty
Package: keyval 1999/03/16 v1.13 key=value parser (DPC)
\KV@toks@=\toks16
)
\Gin@req@height=\dimen141
\Gin@req@width=\dimen142
))
.................................................
. LaTeX info: "xparse/define-command"
. 
. Defining document command \fontspec with arg. spec. 'O{}m' on line 39.
.................................................
.................................................
. LaTeX info: "xparse/define-command"
. 
. Defining document command \setmainfont with arg. spec. 'O{}m' on line 43.
.................................................
.................................................
. LaTeX info: "xparse/define-command"
. 
. Defining document command \setsansfont with arg. spec. 'O{}m' on line 47.
.................................................
.................................................
. LaTeX info: "xparse/define-command"
. 
. Defining document command \setmonofont with arg. spec. 'O{}m' on line 51.
.................................................
.................................................
. LaTeX info: "xparse/define-command"
. 
. Defining document command \setmathrm with arg. spec. 'O{}m' on line 59.
.................................................
.................................................
. LaTeX info: "xparse/define-command"
. 
. Defining document command \setboldmathrm with arg. spec. 'O{}m' on line 62.
.................................................
.................................................
. LaTeX info: "xparse/define-command"
. 
. Defining document command \setmathsf with arg. spec. 'O{}m' on line 65.
.................................................
.................................................
. LaTeX info: "xparse/define-command"
. 
. Defining document command \setmathtt with arg. spec. 'O{}m' on line 68.
.................................................
.................................................
. LaTeX info: "xparse/define-command"
. 
. Defining document command \newfontfamily with arg. spec. 'mO{}m' on line 84.
.................................................
.................................................
. LaTeX info: "xparse/define-command"
. 
. Defining document command \newfontface with arg. spec. 'mO{}m' on line 87.
.................................................
.................................................
. LaTeX info: "xparse/define-command"
. 
. Defining document command \defaultfontfeatures with arg. spec. 'm' on line
. 91.
.................................................
.................................................
. LaTeX info: "xparse/define-command"
. 
. Defining document command \addfontfeatures with arg. spec. 'm' on line 107.
.................................................
.................................................
. LaTeX info: "xparse/define-command"
. 
. Defining document command \newfontfeature with arg. spec. 'mm' on line 118.
.................................................
.................................................
. LaTeX info: "xparse/define-command"
. 
. Defining document command \newAATfeature with arg. spec. 'mmmm' on line 125.
.................................................
.................................................
. LaTeX info: "xparse/define-command"
. 
. Defining document command \newICUfeature with arg. spec. 'mmm' on line 132.
.................................................
.................................................
. LaTeX info: "xparse/define-command"
. 
. Defining document command \aliasfontfeature with arg. spec. 'mm' on line
. 159.
.................................................
.................................................
. LaTeX info: "xparse/define-command"
. 
. Defining document command \aliasfontfeatureoption with arg. spec. 'mmm' on
. line 164.
.................................................
.................................................
. LaTeX info: "xparse/define-command"
. 
. Defining document command \newfontscript with arg. spec. 'mm' on line 169.
.................................................
.................................................
. LaTeX info: "xparse/define-command"
. 
. Defining document command \newfontlanguage with arg. spec. 'mm' on line 192.
.................................................
.................................................
. LaTeX info: "xparse/define-command"
. 
. Defining document command \DeclareFontsExtensions with arg. spec. 'm' on
. line 211.
.................................................
Variant \prop_gput:cnV already defined; not changing it on line 485
Variant \prop_gput:cnx already defined; not changing it on line 486
\l_fontspec_tmp_int=\count166
LaTeX Info: Redefining \itshape on input line 1893.
LaTeX Info: Redefining \slshape on input line 1897.
LaTeX Info: Redefining \scshape on input line 1901.
LaTeX Info: Redefining \upshape on input line 1905.

(/home/huangxin/software/texlive/texmf-dist/tex/latex/fontspec/fontspec.cfg)))
(/home/huangxin/software/texlive/texmf-dist/tex/xelatex/zhspacing/zhspacing.sty

(/home/huangxin/software/texlive/texmf-dist/tex/xelatex/zhspacing/usefulmacros.
sty)
Package: zhspacing 2008/01/02

(/home/huangxin/software/texlive/texmf-dist/tex/xelatex/zhspacing/myclass.sty
(/home/huangxin/software/texlive/texmf-dist/tex/xelatex/zhspacing/usefulmacros.
sty))
\@@interclasstoks@boundary@boundary=\toks17
\@@interclasstoks@halfwidth@boundary=\toks18
\@@interclasstoks@boundary@halfwidth=\toks19
\@@interclasstoks@halfwidth@halfwidth=\toks20
\@@interclasstoks@fullwidth@boundary=\toks21
\@@interclasstoks@boundary@fullwidth=\toks22
\@@interclasstoks@fullwidth@halfwidth=\toks23
\@@interclasstoks@halfwidth@fullwidth=\toks24
\@@interclasstoks@fullwidth@fullwidth=\toks25
\@@interclasstoks@alphanum@boundary=\toks26
\@@interclasstoks@boundary@alphanum=\toks27
\@@interclasstoks@alphanum@halfwidth=\toks28
\@@interclasstoks@halfwidth@alphanum=\toks29
\@@interclasstoks@alphanum@fullwidth=\toks30
\@@interclasstoks@fullwidth@alphanum=\toks31
\@@interclasstoks@alphanum@alphanum=\toks32
\@@interclasstoks@hanzi@boundary=\toks33
\@@interclasstoks@boundary@hanzi=\toks34
\@@interclasstoks@hanzi@halfwidth=\toks35
\@@interclasstoks@halfwidth@hanzi=\toks36
\@@interclasstoks@hanzi@fullwidth=\toks37
\@@interclasstoks@fullwidth@hanzi=\toks38
\@@interclasstoks@hanzi@alphanum=\toks39
\@@interclasstoks@alphanum@hanzi=\toks40
\@@interclasstoks@hanzi@hanzi=\toks41
\@@interclasstoks@openfw@boundary=\toks42
\@@interclasstoks@boundary@openfw=\toks43
\@@interclasstoks@openfw@halfwidth=\toks44
\@@interclasstoks@halfwidth@openfw=\toks45
\@@interclasstoks@openfw@fullwidth=\toks46
\@@interclasstoks@fullwidth@openfw=\toks47
\@@interclasstoks@openfw@alphanum=\toks48
\@@interclasstoks@alphanum@openfw=\toks49
\@@interclasstoks@openfw@hanzi=\toks50
\@@interclasstoks@hanzi@openfw=\toks51
\@@interclasstoks@openfw@openfw=\toks52
\@@interclasstoks@closefw@boundary=\toks53
\@@interclasstoks@boundary@closefw=\toks54
\@@interclasstoks@closefw@halfwidth=\toks55
\@@interclasstoks@halfwidth@closefw=\toks56
\@@interclasstoks@closefw@fullwidth=\toks57
\@@interclasstoks@fullwidth@closefw=\toks58
\@@interclasstoks@closefw@alphanum=\toks59
\@@interclasstoks@alphanum@closefw=\toks60
\@@interclasstoks@closefw@hanzi=\toks61
\@@interclasstoks@hanzi@closefw=\toks62
\@@interclasstoks@closefw@openfw=\toks63
\@@interclasstoks@openfw@closefw=\toks64
\@@interclasstoks@closefw@closefw=\toks65
\@@interclasstoks@halfstop@boundary=\toks66
\@@interclasstoks@boundary@halfstop=\toks67
\@@interclasstoks@halfstop@halfwidth=\toks68
\@@interclasstoks@halfwidth@halfstop=\toks69
\@@interclasstoks@halfstop@fullwidth=\toks70
\@@interclasstoks@fullwidth@halfstop=\toks71
\@@interclasstoks@halfstop@alphanum=\toks72
\@@interclasstoks@alphanum@halfstop=\toks73
\@@interclasstoks@halfstop@hanzi=\toks74
\@@interclasstoks@hanzi@halfstop=\toks75
\@@interclasstoks@halfstop@openfw=\toks76
\@@interclasstoks@openfw@halfstop=\toks77
\@@interclasstoks@halfstop@closefw=\toks78
\@@interclasstoks@closefw@halfstop=\toks79
\@@interclasstoks@halfstop@halfstop=\toks80
\@@interclasstoks@fullstop@boundary=\toks81
\@@interclasstoks@boundary@fullstop=\toks82
\@@interclasstoks@fullstop@halfwidth=\toks83
\@@interclasstoks@halfwidth@fullstop=\toks84
\@@interclasstoks@fullstop@fullwidth=\toks85
\@@interclasstoks@fullwidth@fullstop=\toks86
\@@interclasstoks@fullstop@alphanum=\toks87
\@@interclasstoks@alphanum@fullstop=\toks88
\@@interclasstoks@fullstop@hanzi=\toks89
\@@interclasstoks@hanzi@fullstop=\toks90
\@@interclasstoks@fullstop@openfw=\toks91
\@@interclasstoks@openfw@fullstop=\toks92
\@@interclasstoks@fullstop@closefw=\toks93
\@@interclasstoks@closefw@fullstop=\toks94
\@@interclasstoks@fullstop@halfstop=\toks95
\@@interclasstoks@halfstop@fullstop=\toks96
\@@interclasstoks@fullstop@fullstop=\toks97
\@@interclasstoks@fwpunct@boundary=\toks98
\@@interclasstoks@boundary@fwpunct=\toks99
\@@interclasstoks@fwpunct@halfwidth=\toks100
\@@interclasstoks@halfwidth@fwpunct=\toks101
\@@interclasstoks@fwpunct@fullwidth=\toks102
\@@interclasstoks@fullwidth@fwpunct=\toks103
\@@interclasstoks@fwpunct@alphanum=\toks104
\@@interclasstoks@alphanum@fwpunct=\toks105
\@@interclasstoks@fwpunct@hanzi=\toks106
\@@interclasstoks@hanzi@fwpunct=\toks107
\@@interclasstoks@fwpunct@openfw=\toks108
\@@interclasstoks@openfw@fwpunct=\toks109
\@@interclasstoks@fwpunct@closefw=\toks110
\@@interclasstoks@closefw@fwpunct=\toks111
\@@interclasstoks@fwpunct@halfstop=\toks112
\@@interclasstoks@halfstop@fwpunct=\toks113
\@@interclasstoks@fwpunct@fullstop=\toks114
\@@interclasstoks@fullstop@fwpunct=\toks115
\@@interclasstoks@fwpunct@fwpunct=\toks116
\@@interclasstoks@cjkexta@boundary=\toks117
\@@interclasstoks@boundary@cjkexta=\toks118
\@@interclasstoks@cjkexta@halfwidth=\toks119
\@@interclasstoks@halfwidth@cjkexta=\toks120
\@@interclasstoks@cjkexta@fullwidth=\toks121
\@@interclasstoks@fullwidth@cjkexta=\toks122
\@@interclasstoks@cjkexta@alphanum=\toks123
\@@interclasstoks@alphanum@cjkexta=\toks124
\@@interclasstoks@cjkexta@hanzi=\toks125
\@@interclasstoks@hanzi@cjkexta=\toks126
\@@interclasstoks@cjkexta@openfw=\toks127
\@@interclasstoks@openfw@cjkexta=\toks128
\@@interclasstoks@cjkexta@closefw=\toks129
\@@interclasstoks@closefw@cjkexta=\toks130
\@@interclasstoks@cjkexta@halfstop=\toks131
\@@interclasstoks@halfstop@cjkexta=\toks132
\@@interclasstoks@cjkexta@fullstop=\toks133
\@@interclasstoks@fullstop@cjkexta=\toks134
\@@interclasstoks@cjkexta@fwpunct=\toks135
\@@interclasstoks@fwpunct@cjkexta=\toks136
\@@interclasstoks@cjkexta@cjkexta=\toks137
\@@interclasstoks@cjkextb@boundary=\toks138
\@@interclasstoks@boundary@cjkextb=\toks139
\@@interclasstoks@cjkextb@halfwidth=\toks140
\@@interclasstoks@halfwidth@cjkextb=\toks141
\@@interclasstoks@cjkextb@fullwidth=\toks142
\@@interclasstoks@fullwidth@cjkextb=\toks143
\@@interclasstoks@cjkextb@alphanum=\toks144
\@@interclasstoks@alphanum@cjkextb=\toks145
\@@interclasstoks@cjkextb@hanzi=\toks146
\@@interclasstoks@hanzi@cjkextb=\toks147
\@@interclasstoks@cjkextb@openfw=\toks148
\@@interclasstoks@openfw@cjkextb=\toks149
\@@interclasstoks@cjkextb@closefw=\toks150
\@@interclasstoks@closefw@cjkextb=\toks151
\@@interclasstoks@cjkextb@halfstop=\toks152
\@@interclasstoks@halfstop@cjkextb=\toks153
\@@interclasstoks@cjkextb@fullstop=\toks154
\@@interclasstoks@fullstop@cjkextb=\toks155
\@@interclasstoks@cjkextb@fwpunct=\toks156
\@@interclasstoks@fwpunct@cjkextb=\toks157
\@@interclasstoks@cjkextb@cjkexta=\toks158
\@@interclasstoks@cjkexta@cjkextb=\toks159
\@@interclasstoks@cjkextb@cjkextb=\toks160
\n=\count167
\@@interclasstoks@longpunct@boundary=\toks161
\@@interclasstoks@boundary@longpunct=\toks162
\@@interclasstoks@longpunct@halfwidth=\toks163
\@@interclasstoks@halfwidth@longpunct=\toks164
\@@interclasstoks@longpunct@fullwidth=\toks165
\@@interclasstoks@fullwidth@longpunct=\toks166
\@@interclasstoks@longpunct@alphanum=\toks167
\@@interclasstoks@alphanum@longpunct=\toks168
\@@interclasstoks@longpunct@hanzi=\toks169
\@@interclasstoks@hanzi@longpunct=\toks170
\@@interclasstoks@longpunct@openfw=\toks171
\@@interclasstoks@openfw@longpunct=\toks172
\@@interclasstoks@longpunct@closefw=\toks173
\@@interclasstoks@closefw@longpunct=\toks174
\@@interclasstoks@longpunct@halfstop=\toks175
\@@interclasstoks@halfstop@longpunct=\toks176
\@@interclasstoks@longpunct@fullstop=\toks177
\@@interclasstoks@fullstop@longpunct=\toks178
\@@interclasstoks@longpunct@fwpunct=\toks179
\@@interclasstoks@fwpunct@longpunct=\toks180
\@@interclasstoks@longpunct@cjkexta=\toks181
\@@interclasstoks@cjkexta@longpunct=\toks182
\@@interclasstoks@longpunct@cjkextb=\toks183
\@@interclasstoks@cjkextb@longpunct=\toks184
\@@interclasstoks@longpunct@longpunct=\toks185
\@@interclasstoks@hwpunct@boundary=\toks186
\@@interclasstoks@boundary@hwpunct=\toks187
\@@interclasstoks@hwpunct@halfwidth=\toks188
\@@interclasstoks@halfwidth@hwpunct=\toks189
\@@interclasstoks@hwpunct@fullwidth=\toks190
\@@interclasstoks@fullwidth@hwpunct=\toks191
\@@interclasstoks@hwpunct@alphanum=\toks192
\@@interclasstoks@alphanum@hwpunct=\toks193
\@@interclasstoks@hwpunct@hanzi=\toks194
\@@interclasstoks@hanzi@hwpunct=\toks195
\@@interclasstoks@hwpunct@openfw=\toks196
\@@interclasstoks@openfw@hwpunct=\toks197
\@@interclasstoks@hwpunct@closefw=\toks198
\@@interclasstoks@closefw@hwpunct=\toks199
\@@interclasstoks@hwpunct@halfstop=\toks200
\@@interclasstoks@halfstop@hwpunct=\toks201
\@@interclasstoks@hwpunct@fullstop=\toks202
\@@interclasstoks@fullstop@hwpunct=\toks203
\@@interclasstoks@hwpunct@fwpunct=\toks204
\@@interclasstoks@fwpunct@hwpunct=\toks205
\@@interclasstoks@hwpunct@cjkexta=\toks206
\@@interclasstoks@cjkexta@hwpunct=\toks207
\@@interclasstoks@hwpunct@cjkextb=\toks208
\@@interclasstoks@cjkextb@hwpunct=\toks209
\@@interclasstoks@hwpunct@longpunct=\toks210
\@@interclasstoks@longpunct@hwpunct=\toks211
\@@interclasstoks@hwpunct@hwpunct=\toks212
\g_fontspec_family_SimSun_int=\count168
.................................................
. fontspec info: "no-font-shape"
. 
. Could not resolve font SimSun/I (it probably doesn't exist).
.................................................
.................................................
. fontspec info: "no-font-shape"
. 
. Could not resolve font SimHei/I (it probably doesn't exist).
.................................................
.................................................
. fontspec info: "defining-font"
. 
. Font family 'SimSun(0)' created for font 'SimSun' with options
. [BoldFont=SimHei].
. 
. This font family consists of the following shapes:
. 
. * 'normal' with NFSS spec.:
. <->"SimSun/ICU:script=latn;language=DFLT;"
. 
. * 'bold' with NFSS spec.:
. <->"SimHei/ICU:script=latn;language=DFLT;"
.................................................
.................................................
. fontspec info: "no-font-shape"
. 
. Could not resolve font SimSun/B (it probably doesn't exist).
.................................................
.................................................
. fontspec info: "no-font-shape"
. 
. Could not resolve font SimSun/I (it probably doesn't exist).
.................................................
.................................................
. fontspec info: "no-font-shape"
. 
. Could not resolve font SimSun/BI (it probably doesn't exist).
.................................................
.................................................
. fontspec info: "defining-font"
. 
. Font family 'SimSun(1)' created for font 'SimSun' with options [].
. 
. This font family consists of the following shapes:
. 
. * 'normal' with NFSS spec.:
. <->"SimSun/ICU:script=latn;language=DFLT;"
.................................................
\zhs@tmpcnt=\count169
) (/home/huangxin/software/texlive/texmf-dist/tex/latex/url/url.sty
\Urlmuskip=\muskip10
Package: url 2006/04/12  ver 3.3  Verb mode for urls, etc.
)
(/home/huangxin/software/texlive/texmf-dist/tex/latex/amsmath/amsmath.sty
Package: amsmath 2000/07/18 v2.13 AMS math features
\@mathmargin=\skip49

For additional information on amsmath, use the `?' option.
(/home/huangxin/software/texlive/texmf-dist/tex/latex/amsmath/amstext.sty
Package: amstext 2000/06/29 v2.01

(/home/huangxin/software/texlive/texmf-dist/tex/latex/amsmath/amsgen.sty
File: amsgen.sty 1999/11/30 v2.0
\@emptytoks=\toks213
\ex@=\dimen143
))
(/home/huangxin/software/texlive/texmf-dist/tex/latex/amsmath/amsbsy.sty
Package: amsbsy 1999/11/29 v1.2d
\pmbraise@=\dimen144
)
(/home/huangxin/software/texlive/texmf-dist/tex/latex/amsmath/amsopn.sty
Package: amsopn 1999/12/14 v2.01 operator names
)
\inf@bad=\count170
LaTeX Info: Redefining \frac on input line 211.
\uproot@=\count171
\leftroot@=\count172
LaTeX Info: Redefining \overline on input line 307.
\classnum@=\count173
\DOTSCASE@=\count174
LaTeX Info: Redefining \ldots on input line 379.
LaTeX Info: Redefining \dots on input line 382.
LaTeX Info: Redefining \cdots on input line 467.
\Mathstrutbox@=\box35
\strutbox@=\box36
\big@size=\dimen145
LaTeX Font Info:    Redeclaring font encoding OML on input line 567.
LaTeX Font Info:    Redeclaring font encoding OMS on input line 568.
\macc@depth=\count175
\c@MaxMatrixCols=\count176
\dotsspace@=\muskip11
\c@parentequation=\count177
\dspbrk@lvl=\count178
\tag@help=\toks214
\row@=\count179
\column@=\count180
\maxfields@=\count181
\andhelp@=\toks215
\eqnshift@=\dimen146
\alignsep@=\dimen147
\tagshift@=\dimen148
\tagwidth@=\dimen149
\totwidth@=\dimen150
\lineht@=\dimen151
\@envbody=\toks216
\multlinegap=\skip50
\multlinetaggap=\skip51
\mathdisplay@stack=\toks217
LaTeX Info: Redefining \[ on input line 2666.
LaTeX Info: Redefining \] on input line 2667.
)
(/home/huangxin/software/texlive/texmf-dist/tex/latex/amsfonts/amssymb.sty
Package: amssymb 2009/06/22 v3.00

(/home/huangxin/software/texlive/texmf-dist/tex/latex/amsfonts/amsfonts.sty
Package: amsfonts 2009/06/22 v3.00 Basic AMSFonts support
\symAMSa=\mathgroup4
\symAMSb=\mathgroup5
LaTeX Font Info:    Overwriting math alphabet `\mathfrak' in version `bold'
(Font)                  U/euf/m/n --> U/euf/b/n on input line 96.
))
(/home/huangxin/software/texlive/texmf-dist/tex/latex/tools/verbatim.sty
Package: verbatim 2003/08/22 v1.5q LaTeX2e package for verbatim enhancements
\every@verbatim=\toks218
\verbatim@line=\toks219
\verbatim@in@stream=\read1
)
zhspacing installed.
(/home/huangxin/software/texlive/texmf-dist/tex/latex/listings/listings.sty
\lst@mode=\count182
\lst@gtempboxa=\box37
\lst@token=\toks220
\lst@length=\count183
\lst@currlwidth=\dimen152
\lst@column=\count184
\lst@pos=\count185
\lst@lostspace=\dimen153
\lst@width=\dimen154
\lst@newlines=\count186
\lst@lineno=\count187
\lst@maxwidth=\dimen155

(/home/huangxin/software/texlive/texmf-dist/tex/latex/listings/lstmisc.sty
File: lstmisc.sty 2007/02/22 1.4 (Carsten Heinz)
\c@lstnumber=\count188
\lst@skipnumbers=\count189
\lst@framebox=\box38
)
(/home/huangxin/software/texlive/texmf-dist/tex/latex/listings/listings.cfg
File: listings.cfg 2007/02/22 1.4 listings configuration
))
Package: listings 2007/02/22 1.4 (Carsten Heinz)

(/home/huangxin/software/texlive/texmf-dist/tex/latex/hyperref/hyperref.sty
Package: hyperref 2012/05/13 v6.82q Hypertext links for LaTeX

(/home/huangxin/software/texlive/texmf-dist/tex/generic/oberdiek/hobsub-hyperre
f.sty
Package: hobsub-hyperref 2012/05/28 v1.13 Bundle oberdiek, subset hyperref (HO)


(/home/huangxin/software/texlive/texmf-dist/tex/generic/oberdiek/hobsub-generic
.sty
Package: hobsub-generic 2012/05/28 v1.13 Bundle oberdiek, subset generic (HO)
Package: hobsub 2012/05/28 v1.13 Construct package bundles (HO)
Package: infwarerr 2010/04/08 v1.3 Providing info/warning/error messages (HO)
Package: ltxcmds 2011/11/09 v1.22 LaTeX kernel commands for general use (HO)
Package: ifluatex 2010/03/01 v1.3 Provides the ifluatex switch (HO)
Package ifluatex Info: LuaTeX not detected.
Package: ifvtex 2010/03/01 v1.5 Detect VTeX and its facilities (HO)
Package ifvtex Info: VTeX not detected.
Package: intcalc 2007/09/27 v1.1 Expandable calculations with integers (HO)
Package: ifpdf 2011/01/30 v2.3 Provides the ifpdf switch (HO)
Package ifpdf Info: pdfTeX in PDF mode is not detected.
Package: etexcmds 2011/02/16 v1.5 Avoid name clashes with e-TeX commands (HO)
Package etexcmds Info: Could not find \expanded.
(etexcmds)             That can mean that you are not using pdfTeX 1.50 or
(etexcmds)             that some package has redefined \expanded.
(etexcmds)             In the latter case, load this package earlier.
Package: kvsetkeys 2012/04/25 v1.16 Key value parser (HO)
Package: kvdefinekeys 2011/04/07 v1.3 Define keys (HO)
Package: pdftexcmds 2011/11/29 v0.20 Utility functions of pdfTeX for LuaTeX (HO
)
Package pdftexcmds Info: LuaTeX not detected.
Package pdftexcmds Info: pdfTeX >= 1.30 not detected.
Package pdftexcmds Info: \pdf@primitive is available.
Package pdftexcmds Info: \pdf@ifprimitive is available.
Package pdftexcmds Info: \pdfdraftmode not found.
Package: pdfescape 2011/11/25 v1.13 Implements pdfTeX's escape features (HO)
Package: bigintcalc 2012/04/08 v1.3 Expandable calculations on big integers (HO
)
Package: bitset 2011/01/30 v1.1 Handle bit-vector datatype (HO)
Package: uniquecounter 2011/01/30 v1.2 Provide unlimited unique counter (HO)
)
Package hobsub Info: Skipping package `hobsub' (already loaded).
Package: letltxmacro 2010/09/02 v1.4 Let assignment for LaTeX macros (HO)
Package: hopatch 2012/05/28 v1.2 Wrapper for package hooks (HO)
Package: xcolor-patch 2011/01/30 xcolor patch
Package: atveryend 2011/06/30 v1.8 Hooks at the very end of document (HO)
Package atveryend Info: \enddocument detected (standard20110627).
Package: atbegshi 2011/10/05 v1.16 At begin shipout hook (HO)
Package: refcount 2011/10/16 v3.4 Data extraction from label references (HO)
Package: hycolor 2011/01/30 v1.7 Color options for hyperref/bookmark (HO)
)
(/home/huangxin/software/texlive/texmf-dist/tex/generic/ifxetex/ifxetex.sty
Package: ifxetex 2010/09/12 v0.6 Provides ifxetex conditional
)
(/home/huangxin/software/texlive/texmf-dist/tex/latex/oberdiek/kvoptions.sty
Package: kvoptions 2011/06/30 v3.11 Key value format for package options (HO)
)
\@linkdim=\dimen156
\Hy@linkcounter=\count190
\Hy@pagecounter=\count191

(/home/huangxin/software/texlive/texmf-dist/tex/latex/hyperref/pd1enc.def
File: pd1enc.def 2012/05/13 v6.82q Hyperref: PDFDocEncoding definition (HO)
)
\Hy@SavedSpaceFactor=\count192

(/home/huangxin/software/texlive/texmf-dist/tex/xelatex/xetexconfig/hyperref.cf
g
File: hyperref.cfg 2008/07/11 v1.2 hyperref configuration for XeLaTeX
)
Package hyperref Info: Option `hyperfootnotes' set `false' on input line 3941.
Package hyperref Info: Option `colorlinks' set `true' on input line 3941.
Package hyperref Info: Hyper figures OFF on input line 4062.
Package hyperref Info: Link nesting OFF on input line 4067.
Package hyperref Info: Hyper index ON on input line 4070.
Package hyperref Info: Plain pages OFF on input line 4077.
Package hyperref Info: Backreferencing OFF on input line 4082.
Package hyperref Info: Implicit mode ON; LaTeX internals redefined.
Package hyperref Info: Bookmarks ON on input line 4300.
\c@Hy@tempcnt=\count193
LaTeX Info: Redefining \url on input line 4653.
\Fld@menulength=\count194
\Field@Width=\dimen157
\Fld@charsize=\dimen158
Package hyperref Info: Hyper figures OFF on input line 5773.
Package hyperref Info: Link nesting OFF on input line 5778.
Package hyperref Info: Hyper index ON on input line 5781.
Package hyperref Info: backreferencing OFF on input line 5788.
Package hyperref Info: Link coloring ON on input line 5791.
Package hyperref Info: Link coloring with OCG OFF on input line 5798.
Package hyperref Info: PDF/A mode OFF on input line 5803.
LaTeX Info: Redefining \ref on input line 5843.
LaTeX Info: Redefining \pageref on input line 5847.
\Hy@abspage=\count195
\c@Item=\count196
)

Package hyperref Message: Driver (autodetected): hxetex.

(/home/huangxin/software/texlive/texmf-dist/tex/latex/hyperref/hxetex.def
File: hxetex.def 2012/05/13 v6.82q Hyperref driver for XeTeX

(/home/huangxin/software/texlive/texmf-dist/tex/latex/hyperref/puenc.def
File: puenc.def 2012/05/13 v6.82q Hyperref: PDF Unicode definition (HO)
)
(/home/huangxin/software/texlive/texmf-dist/tex/generic/oberdiek/stringenc.sty
Package: stringenc 2011/12/02 v1.10 Convert strings between diff. encodings (HO
)
)
\pdfm@box=\box39
\c@Hy@AnnotLevel=\count197
\HyField@AnnotCount=\count198
\Fld@listcount=\count199
\c@bookmark@seq@number=\count200

(/home/huangxin/software/texlive/texmf-dist/tex/latex/oberdiek/rerunfilecheck.s
ty
Package: rerunfilecheck 2011/04/15 v1.7 Rerun checks for auxiliary files (HO)
Package rerunfilecheck Info: Feature \pdfmdfivesum is not available
(rerunfilecheck)             (e.g. pdfTeX or LuaTeX with package `pdftexcmds').

(rerunfilecheck)             Therefore file contents cannot be checked efficien
tly
(rerunfilecheck)             and the loading of the package is aborted.
)
\Hy@SectionHShift=\skip52
)
(/home/huangxin/software/texlive/texmf-dist/tex/latex/biblatex/biblatex.sty
Package: biblatex 2011/11/13 v1.7 programmable bibliographies

(/home/huangxin/software/texlive/texmf-dist/tex/latex/etoolbox/etoolbox.sty
Package: etoolbox 2011/01/03 v2.1 e-TeX tools for LaTeX
\etb@tempcnta=\count201
)
(/home/huangxin/software/texlive/texmf-dist/tex/latex/logreq/logreq.sty
Package: logreq 2010/08/04 v1.0 xml request logger
Normal \count register pool exhausted, switching to extended pool.
\lrq@indent=\count277

(/home/huangxin/software/texlive/texmf-dist/tex/latex/logreq/logreq.def
File: logreq.def 2010/08/04 v1.0 logreq spec v1.0
))
(/home/huangxin/software/texlive/texmf-dist/tex/latex/base/ifthen.sty
Package: ifthen 2001/05/26 v1.1c Standard LaTeX ifthen package (DPC)
)
\c@listtotal=\count278
\c@listcount=\count279
\c@liststart=\count280
\c@liststop=\count281
\c@citecount=\count282
\c@citetotal=\count283
\c@multicitecount=\count284
\c@multicitetotal=\count285
\c@instcount=\count286
\c@maxnames=\count287
\c@minnames=\count288
\c@maxitems=\count289
\c@minitems=\count290
\c@citecounter=\count291
\c@savedcitecounter=\count292
\c@uniquelist=\count293
\c@uniquename=\count294
\c@refsection=\count295
\c@refsegment=\count296
\c@maxextrayear=\count297
\c@maxextraalpha=\count298
\c@abbrvpenalty=\count299
\c@highnamepenalty=\count300
\c@lownamepenalty=\count301
\c@maxparens=\count302
\c@parenlevel=\count303
\blx@tempcnta=\count304
\blx@tempcntb=\count305
\blx@tempcntc=\count306
\blx@maxsection=\count307
\blx@maxsegment=\count308
\blx@notetype=\count309
\blx@parenlevel@text=\count310
\blx@parenlevel@foot=\count311
\labelnumberwidth=\skip53
\labelalphawidth=\skip54
\shorthandwidth=\skip55
\biblabelsep=\skip56
\bibitemsep=\skip57
\bibnamesep=\skip58
\bibinitsep=\skip59
\bibparsep=\skip60
\bibhang=\skip61
\blx@auxin=\read2
\blx@auxout=\write3
\c@mincomprange=\count312
\c@maxcomprange=\count313
\c@mincompwidth=\count314
\c@labelname=\count315
\c@savedlabelname=\count316
\c@author=\count317
\c@savedauthor=\count318
\c@shortauthor=\count319
\c@savedshortauthor=\count320
\c@editor=\count321
\c@savededitor=\count322
\c@editora=\count323
\c@savededitora=\count324
\c@editorb=\count325
\c@savededitorb=\count326
\c@editorc=\count327
\c@savededitorc=\count328
\c@shorteditor=\count329
\c@savedshorteditor=\count330
\c@bookauthor=\count331
\c@savedbookauthor=\count332
\c@translator=\count333
\c@savedtranslator=\count334
\c@annotator=\count335
\c@savedannotator=\count336
\c@commentator=\count337
\c@savedcommentator=\count338
\c@introduction=\count339
\c@savedintroduction=\count340
\c@foreword=\count341
\c@savedforeword=\count342
\c@afterword=\count343
\c@savedafterword=\count344
\c@holder=\count345
\c@savedholder=\count346
\c@namea=\count347
\c@savednamea=\count348
\c@nameb=\count349
\c@savednameb=\count350
\c@namec=\count351
\c@savednamec=\count352
\c@institution=\count353
\c@savedinstitution=\count354
\c@language=\count355
\c@savedlanguage=\count356
\c@location=\count357
\c@savedlocation=\count358
\c@organization=\count359
\c@savedorganization=\count360
\c@origlocation=\count361
\c@savedoriglocation=\count362
\c@origpublisher=\count363
\c@savedorigpublisher=\count364
\c@pageref=\count365
\c@savedpageref=\count366
\c@publisher=\count367
\c@savedpublisher=\count368
\c@lista=\count369
\c@savedlista=\count370
\c@listb=\count371
\c@savedlistb=\count372
\c@listc=\count373
\c@savedlistc=\count374
\c@listd=\count375
\c@savedlistd=\count376
\c@liste=\count377
\c@savedliste=\count378
\c@listf=\count379
\c@savedlistf=\count380
Package biblatex Info: Trying to load compatibility code...
Package biblatex Info: ... file 'blx-compat.def' found.

(/home/huangxin/software/texlive/texmf-dist/tex/latex/biblatex/blx-compat.def
File: blx-compat.def 2011/11/13 v1.7 biblatex generic compatibility
)
Package biblatex Info: Trying to load generic definitions...
Package biblatex Info: ... file 'biblatex.def' found.

(/home/huangxin/software/texlive/texmf-dist/tex/latex/biblatex/biblatex.def
File: biblatex.def 2011/11/13 v1.7 biblatex generic definitions
\c@biburlnumpenalty=\count381
\c@biburlucpenalty=\count382
\c@biburllcpenalty=\count383
\c@smartand=\count384
)
Package biblatex Info: Trying to load bibliography style 'numeric'...
Package biblatex Info: ... file 'numeric.bbx' found.

(/home/huangxin/software/texlive/texmf-dist/tex/latex/biblatex/bbx/numeric.bbx
File: numeric.bbx 2011/11/13 v1.7 biblatex bibliography style
Package biblatex Info: Trying to load bibliography style 'standard'...
Package biblatex Info: ... file 'standard.bbx' found.

(/home/huangxin/software/texlive/texmf-dist/tex/latex/biblatex/bbx/standard.bbx
File: standard.bbx 2011/11/13 v1.7 biblatex bibliography style
))
Package biblatex Info: Trying to load citation style 'numeric'...
Package biblatex Info: ... file 'numeric.cbx' found.

(/home/huangxin/software/texlive/texmf-dist/tex/latex/biblatex/cbx/numeric.cbx
File: numeric.cbx 2011/11/13 v1.7 biblatex citation style
Package biblatex Info: Redefining '\cite'.
Package biblatex Info: Redefining '\parencite'.
Package biblatex Info: Redefining '\footcite'.
Package biblatex Info: Redefining '\footcitetext'.
Package biblatex Info: Redefining '\smartcite'.
Package biblatex Info: Redefining '\textcite'.
Package biblatex Info: Redefining '\supercite'.
Package biblatex Info: Redefining '\cites'.
Package biblatex Info: Redefining '\parencites'.
Package biblatex Info: Redefining '\smartcites'.
)
Package biblatex Info: Trying to load configuration file...
Package biblatex Info: ... file 'biblatex.cfg' found.
(/home/huangxin/software/texlive/texmf-dist/tex/latex/biblatex/biblatex.cfg
File: biblatex.cfg 
))
(/home/huangxin/software/texlive/texmf-dist/tex/latex/minted/minted.sty
Package: minted 2011/09/17 v1.7 Yet another Pygments shim for LaTeX

(/home/huangxin/software/texlive/texmf-dist/tex/latex/fancyvrb/fancyvrb.sty
Package: fancyvrb 2008/02/07

Style option: `fancyvrb' v2.7a, with DG/SPQR fixes, and firstline=lastline fix 
<2008/02/07> (tvz)
\FV@CodeLineNo=\count385
\FV@InFile=\read3
\FV@TabBox=\box40
\c@FancyVerbLine=\count386
\FV@StepNumber=\count387
\FV@OutFile=\write4
)
(/home/huangxin/software/texlive/texmf-dist/tex/latex/xcolor/xcolor.sty
Package: xcolor 2007/01/21 v2.11 LaTeX color extensions (UK)

(/home/huangxin/software/texlive/texmf-dist/tex/latex/latexconfig/color.cfg
File: color.cfg 2007/01/18 v1.5 color configuration of teTeX/TeXLive
)
Package xcolor Info: Driver file: xetex.def on input line 225.
LaTeX Info: Redefining \color on input line 702.
Package xcolor Info: Model `cmy' substituted by `cmy0' on input line 1337.
Package xcolor Info: Model `RGB' extended on input line 1353.
Package xcolor Info: Model `HTML' substituted by `rgb' on input line 1355.
Package xcolor Info: Model `Hsb' substituted by `hsb' on input line 1356.
Package xcolor Info: Model `tHsb' substituted by `hsb' on input line 1357.
Package xcolor Info: Model `HSB' substituted by `hsb' on input line 1358.
Package xcolor Info: Model `Gray' substituted by `gray' on input line 1359.
Package xcolor Info: Model `wave' substituted by `hsb' on input line 1360.
)
(/home/huangxin/software/texlive/texmf-dist/tex/latex/float/float.sty
Package: float 2001/11/08 v1.3d Float enhancements (AL)
\c@float@type=\count388
\float@exts=\toks221
\float@box=\box41
\@float@everytoks=\toks222
\@floatcapt=\box42
)
(/home/huangxin/software/texlive/texmf-dist/tex/latex/tools/calc.sty
Package: calc 2007/08/22 v4.3 Infix arithmetic (KKT,FJ)
\calc@Acount=\count389
\calc@Bcount=\count390
\calc@Adimen=\dimen159
\calc@Bdimen=\dimen160
\calc@Askip=\skip62
\calc@Bskip=\skip63
LaTeX Info: Redefining \setlength on input line 76.
LaTeX Info: Redefining \addtolength on input line 77.
\calc@Ccount=\count391
\calc@Cskip=\skip64
)
(/home/huangxin/software/texlive/texmf-dist/tex/latex/ifplatform/ifplatform.sty
Package: ifplatform 2010/10/22 v0.4 Testing for the operating system
(/home/huangxin/software/texlive/texmf-dist/tex/generic/oberdiek/catchfile.sty
Package: catchfile 2011/03/01 v1.6 Catch the contents of a file (HO)
)

Package ifplatform Warning: 
    shell escape is disabled, so I can only detect \ifwindows.

)
\minted@bgbox=\box43
\minted@code=\write5
\@float@every@listing=\toks223
\c@listing=\count392
)

! Package minted Error: You must invoke LaTeX with the -shell-escape flag.

See the minted package documentation for explanation.
Type  H <return>  for immediate help.
 ...                                              
                                                  
l.10 \usepackage
                {subfigure}
? 
runsystem(which pygmentize && touch report.aex)...disabled (restricted).


! Package minted Error: You must have `pygmentize' installed to use this packag
e.

See the minted package documentation for explanation.
Type  H <return>  for immediate help.
 ...                                              
                                                  
l.10 \usepackage
                {subfigure}
? 
(/home/huangxin/software/texlive/texmf-dist/tex/latex/subfigure/subfigure.sty
Package: subfigure 2002/03/15 v2.1.5 subfigure package
\subfigtopskip=\skip65
\subfigcapskip=\skip66
\subfigcaptopadj=\dimen161
\subfigbottomskip=\skip67
\subfigcapmargin=\dimen162
\subfiglabelskip=\skip68
\c@subfigure=\count393
\c@lofdepth=\count394
\c@subtable=\count395
\c@lotdepth=\count396

****************************************
* Local config file subfigure.cfg used *
****************************************
(/home/huangxin/software/texlive/texmf-dist/tex/latex/subfigure/subfigure.cfg)
\subfig@top=\skip69
\subfig@bottom=\skip70
) (/home/huangxin/software/texlive/texmf-dist/tex/latex/tools/indentfirst.sty
Package: indentfirst 1995/11/23 v1.03 Indent first paragraph (DPC)
)
(/home/huangxin/software/texlive/texmf-dist/tex/latex/cases/cases.sty
Package: cases 2002/05/02 ver 2.5 
)
(/home/huangxin/software/texlive/texmf-dist/tex/latex/environ/environ.sty
Package: environ 2008/06/18 v0.2 A new way to define environments
)
(/home/huangxin/software/texlive/texmf-dist/tex/latex/tools/array.sty
Package: array 2008/09/09 v2.4c Tabular extension package (FMi)
\col@sep=\dimen163
\extrarowheight=\dimen164
\NC@list=\toks224
\extratabsurround=\skip71
\backup@length=\skip72
)
(/home/huangxin/software/texlive/texmf-dist/tex/latex/geometry/geometry.sty
Package: geometry 2010/09/12 v5.6 Page Geometry
\Gm@cnth=\count397
\Gm@cntv=\count398
\c@Gm@tempcnt=\count399
\Gm@bindingoffset=\dimen165
\Gm@wd@mp=\dimen166
\Gm@odd@mp=\dimen167
\Gm@even@mp=\dimen168
\Gm@layoutwidth=\dimen169
\Gm@layoutheight=\dimen170
\Gm@layouthoffset=\dimen171
\Gm@layoutvoffset=\dimen172
\Gm@dimlist=\toks225
)

! LaTeX Error: File `mint-defs.tex' not found.

Type X to quit or <RETURN> to proceed,
or enter new name. (Default extension: tex)

Enter file name: 
Package biblatex Info: Trying to load language 'english'...
Package biblatex Info: ... file 'english.lbx' found.
(/home/huangxin/software/texlive/texmf-dist/tex/latex/biblatex/lbx/english.lbx
File: english.lbx 2011/11/13 v1.7 biblatex localization
)
\@quotelevel=\count400
\@quotereset=\count401
(./report.aux)
\openout1 = `report.aux'.

LaTeX Font Info:    Checking defaults for OML/cmm/m/it on input line 36.
LaTeX Font Info:    ... okay on input line 36.
LaTeX Font Info:    Checking defaults for T1/cmr/m/n on input line 36.
LaTeX Font Info:    ... okay on input line 36.
LaTeX Font Info:    Checking defaults for OT1/cmr/m/n on input line 36.
LaTeX Font Info:    ... okay on input line 36.
LaTeX Font Info:    Checking defaults for OMS/cmsy/m/n on input line 36.
LaTeX Font Info:    ... okay on input line 36.
LaTeX Font Info:    Checking defaults for OMX/cmex/m/n on input line 36.
LaTeX Font Info:    ... okay on input line 36.
LaTeX Font Info:    Checking defaults for U/cmr/m/n on input line 36.
LaTeX Font Info:    ... okay on input line 36.
LaTeX Font Info:    Checking defaults for EU1/lmr/m/n on input line 36.
LaTeX Font Info:    ... okay on input line 36.
LaTeX Font Info:    Checking defaults for T3/cmr/m/n on input line 36.
LaTeX Font Info:    Try loading font information for T3+cmr on input line 36.

(/home/huangxin/software/texlive/texmf-dist/tex/latex/tipa/t3cmr.fd
File: t3cmr.fd 2001/12/31 TIPA font definitions
)
LaTeX Font Info:    ... okay on input line 36.
LaTeX Font Info:    Checking defaults for PD1/pdf/m/n on input line 36.
LaTeX Font Info:    ... okay on input line 36.
LaTeX Font Info:    Checking defaults for PU/pdf/m/n on input line 36.
LaTeX Font Info:    ... okay on input line 36.
.................................................
. fontspec info: "setup-math"
. 
. Adjusting the maths setup (use [no-math] to avoid this).
.................................................
\symlegacymaths=\mathgroup6
LaTeX Font Info:    Overwriting symbol font `legacymaths' in version `bold'
(Font)                  OT1/cmr/m/n --> OT1/cmr/bx/n on input line 36.
LaTeX Font Info:    Redeclaring math accent \acute on input line 36.
LaTeX Font Info:    Redeclaring math accent \grave on input line 36.
LaTeX Font Info:    Redeclaring math accent \ddot on input line 36.
LaTeX Font Info:    Redeclaring math accent \tilde on input line 36.
LaTeX Font Info:    Redeclaring math accent \bar on input line 36.
LaTeX Font Info:    Redeclaring math accent \breve on input line 36.
LaTeX Font Info:    Redeclaring math accent \check on input line 36.
LaTeX Font Info:    Redeclaring math accent \hat on input line 36.
LaTeX Font Info:    Redeclaring math accent \dot on input line 36.
LaTeX Font Info:    Redeclaring math accent \mathring on input line 36.
LaTeX Font Info:    Redeclaring math symbol \Gamma on input line 36.
LaTeX Font Info:    Redeclaring math symbol \Delta on input line 36.
LaTeX Font Info:    Redeclaring math symbol \Theta on input line 36.
LaTeX Font Info:    Redeclaring math symbol \Lambda on input line 36.
LaTeX Font Info:    Redeclaring math symbol \Xi on input line 36.
LaTeX Font Info:    Redeclaring math symbol \Pi on input line 36.
LaTeX Font Info:    Redeclaring math symbol \Sigma on input line 36.
LaTeX Font Info:    Redeclaring math symbol \Upsilon on input line 36.
LaTeX Font Info:    Redeclaring math symbol \Phi on input line 36.
LaTeX Font Info:    Redeclaring math symbol \Psi on input line 36.
LaTeX Font Info:    Redeclaring math symbol \Omega on input line 36.
LaTeX Font Info:    Redeclaring math symbol \mathdollar on input line 36.
LaTeX Font Info:    Redeclaring symbol font `operators' on input line 36.
LaTeX Font Info:    Encoding `OT1' has changed to `EU1' for symbol font
(Font)              `operators' in the math version `normal' on input line 36.
LaTeX Font Info:    Overwriting symbol font `operators' in version `normal'
(Font)                  OT1/cmr/m/n --> EU1/lmr/m/n on input line 36.
LaTeX Font Info:    Encoding `OT1' has changed to `EU1' for symbol font
(Font)              `operators' in the math version `bold' on input line 36.
LaTeX Font Info:    Overwriting symbol font `operators' in version `bold'
(Font)                  OT1/cmr/bx/n --> EU1/lmr/m/n on input line 36.
LaTeX Font Info:    Overwriting symbol font `operators' in version `normal'
(Font)                  EU1/lmr/m/n --> EU1/lmr/m/n on input line 36.
LaTeX Font Info:    Overwriting math alphabet `\mathrm' in version `normal'
(Font)                  EU1/lmr/m/n --> EU1/lmr/m/n on input line 36.
LaTeX Font Info:    Overwriting math alphabet `\mathit' in version `normal'
(Font)                  OT1/cmr/m/it --> EU1/lmr/m/it on input line 36.
LaTeX Font Info:    Overwriting math alphabet `\mathbf' in version `normal'
(Font)                  OT1/cmr/bx/n --> EU1/lmr/bx/n on input line 36.
LaTeX Font Info:    Overwriting math alphabet `\mathsf' in version `normal'
(Font)                  OT1/cmss/m/n --> EU1/lmss/m/n on input line 36.
LaTeX Font Info:    Overwriting math alphabet `\mathtt' in version `normal'
(Font)                  OT1/cmtt/m/n --> EU1/lmtt/m/n on input line 36.
LaTeX Font Info:    Overwriting symbol font `operators' in version `bold'
(Font)                  EU1/lmr/m/n --> EU1/lmr/bx/n on input line 36.
LaTeX Font Info:    Overwriting math alphabet `\mathrm' in version `bold'
(Font)                  EU1/lmr/m/n --> EU1/lmr/bx/n on input line 36.
LaTeX Font Info:    Overwriting math alphabet `\mathit' in version `bold'
(Font)                  OT1/cmr/bx/it --> EU1/lmr/bx/it on input line 36.
LaTeX Font Info:    Overwriting math alphabet `\mathsf' in version `bold'
(Font)                  OT1/cmss/bx/n --> EU1/lmss/bx/n on input line 36.
LaTeX Font Info:    Overwriting math alphabet `\mathtt' in version `bold'
(Font)                  OT1/cmtt/m/n --> EU1/lmtt/bx/n on input line 36.
\c@lstlisting=\count402
\AtBeginShipoutBox=\box44
Package hyperref Info: Link coloring ON on input line 36.

(/home/huangxin/software/texlive/texmf-dist/tex/latex/hyperref/nameref.sty
Package: nameref 2010/04/30 v2.40 Cross-referencing by name of section

(/home/huangxin/software/texlive/texmf-dist/tex/generic/oberdiek/gettitlestring
.sty
Package: gettitlestring 2010/12/03 v1.4 Cleanup title references (HO)
)
\c@section@level=\count403
)
LaTeX Info: Redefining \ref on input line 36.
LaTeX Info: Redefining \pageref on input line 36.
LaTeX Info: Redefining \nameref on input line 36.
 (./report.out) (./report.out)
\@outlinefile=\write6
\openout6 = `report.out'.

Package biblatex Info: XeTeX detected.
(biblatex)             Assuming input encoding 'utf8'.
Package biblatex Info: Automatic encoding selection.
(biblatex)             Assuming data encoding 'utf8'.


Package biblatex Warning: Data encoding is 'utf8'.
(biblatex)                Use backend=biber.

\openout3 = `report-blx.bib'.

Package biblatex Info: Trying to load bibliographic data...
Package biblatex Info: ... file 'report.bbl' not found.
No file report.bbl.
Package biblatex Info: Reference section=0 on input line 36.
Package biblatex Info: Reference segment=0 on input line 36.
runsystem(pygmentize -S default -f latex > report.pyg)...disabled (restricted).


! LaTeX Error: File `report.pyg' not found.

Type X to quit or <RETURN> to proceed,
or enter new name. (Default extension: pyg)

Enter file name: 
*geometry* driver: auto-detecting
*geometry* detected driver: xetex
*geometry* verbose mode - [ preamble ] result:
* driver: xetex
* paper: <default>
* layout: <same size as paper>
* layoutoffset:(h,v)=(0.0pt,0.0pt)
* modes: 
* h-part:(L,W,R)=(90.3375pt, 433.62001pt, 90.3375pt)
* v-part:(T,H,B)=(72.26999pt, 650.43001pt, 72.26999pt)
* \paperwidth=614.295pt
* \paperheight=794.96999pt
* \textwidth=433.62001pt
* \textheight=650.43001pt
* \oddsidemargin=18.0675pt
* \evensidemargin=18.0675pt
* \topmargin=-37.0pt
* \headheight=12.0pt
* \headsep=25.0pt
* \topskip=10.0pt
* \footskip=30.0pt
* \marginparwidth=65.0pt
* \marginparsep=11.0pt
* \columnsep=10.0pt
* \skip\footins=9.0pt plus 4.0pt minus 2.0pt
* \hoffset=0.0pt
* \voffset=0.0pt
* \mag=1000
* \@twocolumnfalse
* \@twosidefalse
* \@mparswitchfalse
* \@reversemarginfalse
* (1in=72.27pt=25.4mm, 1cm=28.453pt)

LaTeX Font Info:    Try loading font information for U+msa on input line 37.
(/home/huangxin/software/texlive/texmf-dist/tex/latex/amsfonts/umsa.fd
File: umsa.fd 2009/06/22 v3.00 AMS symbols A
)
LaTeX Font Info:    Try loading font information for U+msb on input line 37.

(/home/huangxin/software/texlive/texmf-dist/tex/latex/amsfonts/umsb.fd
File: umsb.fd 2009/06/22 v3.00 AMS symbols B
)
(./report.toc)
\tf@toc=\write7
\openout7 = `report.toc'.


(/home/huangxin/software/texlive/texmf-dist/tex/generic/oberdiek/se-ascii-print
.def
File: se-ascii-print.def 2011/12/02 v1.10 stringenc: Printable ASCII characters

) [1

]

LaTeX Warning: Reference `sec:option' on page 2 undefined on input line 63.

[2

]
! Missing $ inserted.
<inserted text> 
                $
l.102 ...I^^Iand the frogs. Then invoke sigc::mem_
                                                  fun and Glib::signal_timeout
? 

! LaTeX Error: Command \item invalid in math mode.

See the LaTeX manual or LaTeX Companion for explanation.
Type  H <return>  for immediate help.
 ...                                              
                                                  
l.106 ^^I^^I\item
                 
? 

! LaTeX Error: Something's wrong--perhaps a missing \item.

See the LaTeX manual or LaTeX Companion for explanation.
Type  H <return>  for immediate help.
 ...                                              
                                                  
l.107 ^^I^^I^^IL
                ayer::update() is run in each thread. Every thread will get a
? 

! LaTeX Error: Something's wrong--perhaps a missing \item.

See the LaTeX manual or LaTeX Companion for explanation.
Type  H <return>  for immediate help.
 ...                                              
                                                  
l.107 ^^I^^I^^IL
                ayer::update() is run in each thread. Every thread will get a
? 

! LaTeX Error: Command \item invalid in math mode.

See the LaTeX manual or LaTeX Companion for explanation.
Type  H <return>  for immediate help.
 ...                                              
                                                  
l.110 ^^I^^I\item
                 
? 
! Missing $ inserted.
<inserted text> 
                $
l.111 ^^I^^I^^IE
                ach time the Layer would move only one wood that will immedi...

? 
! Missing } inserted.
<inserted text> 
                }
l.111 ^^I^^I^^IE
                ach time the Layer would move only one wood that will immedi...

? 

Overfull \hbox (12.25455pt too wide) in paragraph at lines 101--111
\EU1/lmr/m/n/12 the frogs. Then invoke sigc::mem$[]\OML/cmm/m/it/12 unandGlib \
OT1/cmr/m/n/12 :: \OML/cmm/m/it/12 signal[]imeouttorefreshtheGame \OT1/cmr/m/n/
12 ::
 []


Overfull \hbox (178.59691pt too wide) in paragraph at lines 101--111
\OML/cmm/m/it/12 update\OT1/cmr/m/n/12 ()\OML/cmm/m/it/12 :TheGame \OT1/cmr/m/n
/12 :: \OML/cmm/m/it/12 update\OT1/cmr/m/n/12 ()\OML/cmm/m/it/12 useatimertocou
nttheremaintimetolettheLayercalculatetheeveryloop[]stime:Layer \OT1/cmr/m/n/12 
::
 []


Overfull \hbox (446.94421pt too wide) in paragraph at lines 101--111
\OML/cmm/m/it/12 update\OT1/cmr/m/n/12 ()\OML/cmm/m/it/12 isrunineachthread:Eve
rythreadwillgetalayerandcalculatethewoodscollisionsonitslayer:Thelayerdoestheca
lculationandthemovementofthewoodsonthelayer:[][]$ 
 []

! Extra }, or forgotten \endgroup.
\par ...m \@noitemerr {\@@par }\fi \else {\@@par }
                                                  \fi 
l.111 ^^I^^I^^IE
                ach time the Layer would move only one wood that will immedi...

? 
[3]
File: ../res/1.png Graphic file (type QTm)
 <use  "../res/1.png" >
Overfull \hbox (183.01169pt too wide) in paragraph at lines 180--180
 [][] 
 []

File: ../res/2.png Graphic file (type QTm)
<use  "../res/2.png" >
Overfull \hbox (183.01169pt too wide) in paragraph at lines 181--181
 [][] 
 []

File: ../res/3.png Graphic file (type QTm)
<use  "../res/3.png" >
Overfull \hbox (183.01169pt too wide) in paragraph at lines 182--182
 [][] 
 []

[4] [5] [6] [7]

LaTeX Warning: Empty bibliography on input line 185.

Package atveryend Info: Empty hook `BeforeClearDocument' on input line 187.
Package atveryend Info: Empty hook `AfterLastShipout' on input line 187.
(./report.aux)
Package atveryend Info: Empty hook `AtVeryEndDocument' on input line 187.
Package atveryend Info: Empty hook `AtEndAfterFileList' on input line 187.


LaTeX Warning: There were undefined references.

Package logreq Info: Writing requests to 'report.run.xml'.
\openout1 = `report.run.xml'.

Package atveryend Info: Empty hook `AtVeryVeryEnd' on input line 187.
 ) 
Here is how much of TeX's memory you used:
 27064 strings out of 494004
 508752 string characters out of 3148286
 646133 words of memory out of 3000000
 29992 multiletter control sequences out of 15000+200000
 10152 words of font info for 61 fonts, out of 3000000 for 9000
 1144 hyphenation exceptions out of 8191
 44i,7n,45p,930b,620s stack positions out of 5000i,500n,10000p,200000b,50000s

Output written on report.pdf (7 pages).
